<?xml version="1.0" encoding="UTF-8"?>
<testsuite xmlns:xsi="http://www.w3.org/2001/XMLSchema-instance" xsi:noNamespaceSchemaLocation="https://maven.apache.org/surefire/maven-surefire-plugin/xsd/surefire-test-report-3.0.xsd" version="3.0" name="com.myproject.javastudy.coreJavaTest.TestReflection" time="0.043" tests="2" errors="0" skipped="0" failures="0">
  <properties>
[...]
</properties>
  <testcase name="testLog" classname="com.myproject.javastudy.coreJavaTest.TestReflection" time="0.029">
    <system-out><![CDATA[thread:add1
thread:removenull
thread:add1
thread:removenull
thread:add1
thread:removenull
thread:add1
thread:add1
thread:remove1
transfer thread:removenull
thread:addnull
thread:removenull
thread:addnull
thread:removenull
transfer thread:removenull
thread:add1
thread:removenull
thread:add1
thread:add1
thread:remove1
thread:add1
thread:removenull
thread:add1
thread:removenull
thread:add1
thread:removenull
thread:add1
thread:removenull
thread:add1
thread:removenull
transfer thread:add1
thread:addnull
thread:removenull
transfer thread:addnull
thread:addnull
thread:removenull
thread:addnull
thread:removenull
thread:addnull
thread:removenull
thread:add1
thread:removenull
thread:add1
thread:add1
thread:add1
thread:removenull
transfer thread:remove1
thread:add1
thread:add1
transfer thread:remove1
thread:add1
transfer thread:add1
thread:add1
thread:add1
transfer thread:add1
thread:removenull
thread:add1
transfer thread:remove1
thread:add1
transfer thread:remove1
thread:add1
transfer thread:add1
thread:add1
transfer thread:add1
thread:add1
thread:add1
transfer thread:remove1
thread:add1
transfer thread:removenull
thread:add1
thread:add1
transfer thread:add1
thread:removenull
thread:add1
thread:removenull
thread:removenull
transfer thread:remove1
thread:removenull
thread:removenull
thread:removenull
thread:removenull
thread:removenull
thread:removenull
thread:removenull
thread:removenull
thread:removenull
transfer thread:add1
thread:removenull
thread:removenull
thread:add1
thread:removenull
transfer thread:addnull
thread:removenull
thread:add1
thread:removenull
thread:add1
thread:removenull
thread:add1
thread:removenull
thread:add1
thread:removenull
thread:add1
thread:removenull
thread:add1
thread:removenull
thread:add1
thread:removenull
thread:add1
transfer thread:removenull
thread:removenull
thread:add1
thread:removenull
thread:add1
transfer thread:removenull
thread:add1
thread:removenull
thread:add1
thread:removenull
thread:add1
thread:add1
thread:remove1
thread:add1
thread:removenull
thread:add1
thread:removenull
thread:add1
thread:add1
thread:removenull
thread:add1
thread:removenull
thread:add1
thread:removenull
thread:add1
thread:removenull
thread:add1
thread:removenull
thread:add1
transfer thread:add1
thread:remove1
thread:add1
transfer thread:add1
thread:remove1
thread:add1
thread:removenull
thread:add1
thread:add1
thread:removenull
transfer thread:remove1
thread:add1
thread:removenull
thread:add1
transfer thread:remove1
thread:removenull
thread:add1
thread:removenull
thread:add1
thread:add1
thread:removenull
thread:addnull
thread:removenull
transfer thread:add1
thread:removenull
thread:addnull
transfer thread:addnull
thread:removenull
transfer thread:removenull
thread:add1
thread:removenull
thread:add1
transfer thread:remove1
thread:removenull
thread:add1
transfer thread:add1
thread:add1
transfer thread:add1
thread:remove1
thread:add1
transfer thread:remove1
thread:removenull
thread:add1
transfer thread:remove1
thread:removenull
thread:add1
thread:add1
thread:remove1
transfer thread:add1
thread:add1
thread:removenull
thread:add1
thread:removenull
transfer thread:addnull
transfer thread:removenull
thread:addnull
transfer thread:addnull
transfer thread:removenull
thread:add1
transfer thread:add1
transfer thread:remove1
thread:add1
transfer thread:remove1
transfer thread:add1
thread:add1
transfer thread:remove1
transfer thread:add1
thread:remove1
thread:add1
thread:removenull
transfer thread:addnull
thread:add1
thread:add1
thread:removenull
transfer thread:remove1
thread:add1
thread:removenull
transfer thread:removenull
thread:add1
thread:removenull
thread:add1
thread:removenull
thread:removenull
thread:add1
thread:add1
thread:remove1
thread:removenull
thread:add1
thread:removenull
thread:add1
transfer thread:add1
thread:removenull
thread:add1
thread:removenull
transfer thread:addnull
thread:removenull
thread:addnull
thread:removenull
thread:add1
thread:removenull
thread:add1
thread:removenull
thread:add1
transfer thread:removenull
thread:removenull
thread:add1
thread:removenull
transfer thread:removenull
thread:add1
thread:removenull
thread:add1
thread:removenull
thread:add1
thread:removenull
thread:add1
thread:add1
thread:removenull
thread:addnull
thread:removenull
transfer thread:addnull
transfer thread:add1
thread:removenull
thread:removenull
thread:add1
thread:removenull
thread:add1
thread:removenull
transfer thread:removenull
thread:addnull
thread:add1
transfer thread:add1
thread:removenull
thread:add1
thread:add1
thread:removenull
thread:addnull
thread:removenull
thread:removenull
thread:addnull
thread:add1
thread:removenull
transfer thread:removenull
thread:add1
thread:removenull
transfer thread:removenull
thread:add1
thread:removenull
thread:add1
thread:removenull
thread:add1
transfer thread:add1
thread:removenull
thread:add1
thread:removenull
transfer thread:addnull
thread:add1
thread:removenull
thread:add1
thread:removenull
thread:removenull
transfer thread:removenull
thread:removenull
transfer thread:removenull
thread:removenull
thread:add1
thread:removenull
thread:add1
transfer thread:addnull
thread:removenull
thread:add1
thread:removenull
transfer thread:addnull
thread:add1
thread:removenull
thread:add1
thread:add1
thread:remove1
thread:add1
thread:removenull
thread:add1
thread:removenull
thread:add1
thread:removenull
thread:add1
thread:add1
transfer thread:remove1
thread:remove1
thread:add1
thread:removenull
transfer thread:remove1
thread:removenull
transfer thread:addnull
thread:removenull
transfer thread:addnull
thread:addnull
thread:removenull
thread:add1
thread:removenull
thread:addnull
thread:removenull
thread:add1
thread:removenull
thread:add1
thread:removenull
thread:add1
thread:removenull
thread:add1
thread:removenull
thread:add1
thread:removenull
thread:add1
thread:add1
thread:removenull
thread:add1
thread:removenull
thread:add1
thread:removenull
thread:add1
thread:removenull
thread:add1
thread:add1
transfer thread:remove1
thread:remove1
thread:add1
thread:removenull
thread:add1
thread:removenull
thread:add1
transfer thread:removenull
thread:removenull
thread:add1
thread:add1
thread:remove1
transfer thread:add1
thread:add1
thread:removenull
thread:add1
thread:removenull
thread:add1
thread:removenull
thread:add1
thread:removenull
thread:add1
transfer thread:add1
thread:removenull
thread:add1
thread:removenull
thread:add1
thread:removenull
transfer thread:removenull
thread:add1
thread:add1
thread:remove1
thread:add1
thread:removenull
transfer thread:remove1
thread:add1
thread:removenull
thread:add1
thread:removenull
thread:add1
thread:removenull
thread:add1
thread:removenull
thread:add1
thread:removenull
transfer thread:addnull
thread:add1
thread:removenull
thread:add1
thread:removenull
transfer thread:addnull
thread:add1
thread:removenull
thread:add1
thread:removenull
thread:add1
thread:removenull
transfer thread:removenull
thread:add1
thread:removenull
thread:add1
thread:removenull
transfer thread:remove1
thread:add1
thread:removenull
thread:add1
thread:removenull
thread:removenull
thread:add1
thread:removenull
thread:add1
thread:removenull
thread:add1
thread:removenull
thread:add1
thread:removenull
thread:add1
thread:removenull
thread:add1
thread:removenull
thread:add1
thread:removenull
thread:add1
thread:removenull
thread:add1
thread:removenull
thread:add1
thread:removenull
thread:add1
thread:removenull
thread:add1
thread:removenull
thread:add1
thread:removenull
thread:add1
thread:removenull
thread:add1
thread:removenull
thread:add1
thread:add1
thread:removenull
thread:add1
thread:removenull
thread:add1
thread:removenull
thread:add1
thread:removenull
thread:add1
thread:removenull
thread:add1
transfer thread:add1
thread:add1
thread:remove1
thread:add1
thread:removenull
transfer thread:add1
thread:add1
thread:removenull
thread:add1
thread:removenull
thread:add1
transfer thread:removenull
thread:removenull
thread:add1
thread:removenull
thread:add1
transfer thread:remove1
thread:removenull
thread:add1
thread:removenull
thread:add1
thread:remove1
thread:add1
thread:add1
thread:remove1
thread:add1
thread:removenull
thread:add1
thread:removenull
transfer thread:addnull
thread:add1
thread:removenull
transfer thread:add1
thread:removenull
thread:removenull
thread:removenull
thread:add1
thread:removenull
thread:add1
thread:removenull
thread:removenull
thread:add1
thread:remove1
thread:add1
thread:remove1
thread:add1
thread:removenull
transfer thread:removenull
thread:add1
thread:removenull
thread:add1
transfer thread:remove1
transfer thread:addnull
thread:removenull
thread:add1
transfer thread:addnull
thread:removenull
thread:add1
thread:removenull
thread:add1
thread:removenull
thread:add1
thread:removenull
thread:add1
thread:removenull
thread:add1
thread:removenull
thread:add1
transfer thread:removenull
thread:removenull
thread:add1
thread:removenull
transfer thread:removenull
thread:add1
thread:removenull
thread:add1
thread:removenull
thread:add1
thread:removenull
thread:add1
thread:removenull
thread:add1
thread:removenull
thread:add1
transfer thread:add1
thread:removenull
thread:add1
thread:removenull
thread:add1
transfer thread:add1
thread:removenull
transfer thread:removenull
thread:add1
thread:removenull
thread:removenull
transfer thread:remove1
thread:add1
thread:removenull
thread:add1
thread:removenull
thread:add1
thread:removenull
transfer thread:add1
thread:addnull
thread:removenull
transfer thread:addnull
thread:add1
thread:removenull
thread:add1
thread:removenull
transfer thread:removenull
thread:add1
thread:removenull
transfer thread:add1
thread:add1
thread:add1
thread:add1
transfer thread:remove1
thread:add1
thread:removenull
transfer thread:remove1
thread:add1
thread:removenull
thread:add1
thread:removenull
transfer thread:addnull
thread:add1
thread:removenull
transfer thread:add1
thread:add1
thread:removenull
thread:add1
thread:removenull
transfer thread:removenull
thread:removenull
thread:addnull
thread:removenull
transfer thread:remove1
thread:add1
transfer thread:add1
thread:removenull
thread:add1
thread:removenull
transfer thread:addnull
transfer thread:removenull
thread:add1
thread:removenull
thread:removenull
transfer thread:addnull
transfer thread:removenull
thread:add1
thread:removenull
transfer thread:addnull
transfer thread:removenull
thread:add1
thread:removenull
transfer thread:addnull
thread:add1
thread:removenull
thread:add1
thread:removenull
transfer thread:removenull
thread:addnull
thread:removenull
transfer thread:removenull
thread:add1
thread:removenull
transfer thread:add1
thread:removenull
thread:addnull
thread:removenull
transfer thread:addnull
thread:add1
thread:removenull
thread:add1
transfer thread:removenull
thread:removenull
thread:add1
thread:removenull
transfer thread:removenull
thread:add1
thread:removenull
thread:add1
thread:removenull
thread:add1
thread:add1
thread:add1
thread:remove1
transfer thread:add1
thread:add1
thread:removenull
transfer thread:addnull
thread:add1
thread:removenull
transfer thread:removenull
thread:removenull
thread:add1
thread:removenull
transfer thread:removenull
thread:add1
thread:removenull
thread:removenull
thread:add1
transfer thread:addnull
thread:removenull
thread:removenull
thread:add1
transfer thread:removenull
thread:removenull
thread:add1
thread:removenull
thread:removenull
thread:add1
transfer thread:addnull
thread:removenull
thread:removenull
thread:add1
thread:removenull
thread:add1
thread:removenull
transfer thread:addnull
transfer thread:remove1
thread:add1
thread:removenull
transfer thread:add1
transfer thread:remove1
thread:removenull
thread:add1
transfer thread:removenull
thread:removenull
transfer thread:addnull
thread:removenull
transfer thread:addnull
thread:removenull
thread:add1
thread:removenull
thread:add1
transfer thread:remove1
thread:removenull
thread:add1
thread:add1
thread:remove1
transfer thread:remove1
thread:addnull
thread:removenull
thread:remove1
thread:add1
transfer thread:add1
thread:add1
thread:removenull
transfer thread:add1
thread:removenull
thread:add1
thread:removenull
thread:add1
thread:removenull
thread:add1
transfer thread:remove1
thread:removenull
thread:add1
thread:add1
thread:removenull
transfer thread:remove1
thread:add1
thread:removenull
thread:removenull
thread:add1
thread:add1
thread:remove1
transfer thread:add1
thread:removenull
thread:add1
thread:removenull
thread:add1
transfer thread:add1
thread:removenull
thread:add1
thread:add1
thread:removenull
thread:removenull
thread:add1
transfer thread:remove1
thread:add1
thread:remove1
transfer thread:remove1
thread:add1
thread:remove1
thread:remove1
thread:add1
thread:add1
transfer thread:add1
thread:add1
thread:remove1
thread:add1
thread:removenull
transfer thread:add1
thread:add1
thread:removenull
thread:removenull
thread:add1
thread:removenull
thread:add1
transfer thread:remove1
thread:add1
thread:removenull
thread:removenull
thread:add1
transfer thread:remove1
thread:removenull
thread:add1
thread:removenull
thread:add1
thread:add1
thread:removenull
thread:add1
thread:removenull
thread:removenull
thread:add1
thread:add1
thread:removenull
thread:removenull
thread:add1
transfer thread:add1
thread:add1
thread:removenull
thread:removenull
thread:add1
transfer thread:addnull
thread:add1
thread:removenull
thread:add1
thread:removenull
transfer thread:remove1
thread:add1
thread:removenull
thread:addnull
thread:removenull
transfer thread:removenull
thread:removenull
thread:add1
thread:removenull
thread:add1
transfer thread:add1
thread:add1
thread:removenull
thread:removenull
thread:add1
transfer thread:add1
thread:add1
thread:removenull
thread:removenull
thread:add1
transfer thread:remove1
thread:remove1
thread:add1
thread:removenull
thread:add1
transfer thread:removenull
thread:removenull
thread:add1
thread:removenull
thread:add1
thread:removenull
transfer thread:add1
thread:removenull
thread:add1
thread:add1
thread:remove1
transfer thread:addnull
thread:add1
thread:removenull
thread:add1
thread:removenull
thread:add1
thread:removenull
thread:add1
thread:removenull
thread:add1
thread:removenull
thread:add1
thread:removenull
thread:add1
thread:removenull
thread:add1
thread:removenull
thread:add1
thread:removenull
thread:removenull
thread:add1
thread:remove1
thread:add1
thread:add1
thread:remove1
transfer thread:removenull
thread:add1
thread:removenull
thread:removenull
thread:add1
thread:add1
thread:removenull
transfer thread:add1
thread:removenull
thread:add1
thread:remove1
thread:add1
thread:remove1
thread:add1
transfer thread:remove1
thread:removenull
thread:add1
thread:removenull
transfer thread:remove1
thread:removenull
thread:add1
transfer thread:addnull
thread:add1
thread:remove1
thread:removenull
thread:add1
transfer thread:add1
thread:removenull
thread:add1
thread:removenull
thread:add1
thread:removenull
transfer thread:remove1
thread:removenull
thread:add1
thread:removenull
thread:add1
thread:add1
thread:removenull
transfer thread:remove1
thread:removenull
thread:add1
thread:add1
thread:removenull
transfer thread:add1
thread:removenull
thread:add1
thread:removenull
thread:addnull
thread:add1
thread:removenull
transfer thread:addnull
thread:removenull
thread:add1
thread:removenull
thread:add1
transfer thread:remove1
thread:add1
thread:remove1
thread:addnull
thread:removenull
transfer thread:removenull
thread:add1
thread:removenull
thread:removenull
thread:add1
transfer thread:addnull
thread:removenull
thread:add1
thread:add1
thread:removenull
thread:removenull
thread:add1
transfer thread:add1
thread:remove1
thread:add1
thread:add1
thread:remove1
transfer thread:remove1
thread:remove1
thread:add1
thread:removenull
thread:add1
transfer thread:remove1
thread:add1
thread:removenull
thread:add1
thread:removenull
thread:removenull
thread:add1
transfer thread:add1
thread:removenull
thread:add1
thread:add1
thread:removenull
thread:add1
thread:removenull
transfer thread:add1
thread:addnull
thread:removenull
thread:removenull
thread:add1
transfer thread:removenull
thread:removenull
thread:add1
thread:removenull
thread:add1
thread:add1
thread:remove1
transfer thread:remove1
thread:removenull
thread:add1
transfer thread:add1
thread:add1
thread:add1
transfer thread:add1
thread:removenull
thread:add1
thread:removenull
thread:add1
thread:removenull
thread:add1
thread:add1
thread:remove1
thread:addnull
thread:removenull
thread:remove1
thread:add1
thread:removenull
thread:add1
thread:removenull
thread:add1
thread:removenull
thread:add1
thread:removenull
thread:add1
thread:remove1
thread:add1
thread:removenull
thread:add1
thread:removenull
thread:add1
thread:removenull
thread:add1
thread:removenull
thread:removenull
thread:add1
thread:removenull
thread:add1
transfer thread:removenull
thread:removenull
thread:add1
thread:removenull
thread:add1
thread:removenull
thread:add1
transfer thread:removenull
thread:removenull
thread:add1
thread:removenull
thread:removenull
thread:add1
thread:removenull
thread:add1
thread:removenull
thread:add1
thread:add1
thread:removenull
thread:removenull
thread:add1
thread:removenull
thread:add1
thread:add1
thread:removenull
thread:removenull
thread:add1
thread:removenull
thread:add1
thread:removenull
thread:add1
thread:add1
thread:removenull
thread:removenull
thread:add1
thread:add1
thread:remove1
thread:removenull
thread:add1
thread:removenull
thread:add1
thread:add1
thread:removenull
thread:removenull
thread:add1
thread:add1
thread:removenull
thread:removenull
thread:add1
thread:removenull
thread:add1
thread:add1
thread:removenull
transfer thread:add1
thread:addnull
thread:removenull
thread:removenull
thread:add1
thread:removenull
thread:add1
transfer thread:addnull
thread:add1
thread:remove1
thread:add1
thread:removenull
thread:removenull
thread:add1
thread:removenull
thread:add1
thread:add1
thread:removenull
thread:removenull
thread:add1
thread:removenull
thread:add1
thread:removenull
thread:add1
thread:removenull
thread:add1
thread:removenull
thread:add1
thread:remove1
thread:add1
thread:removenull
thread:add1
thread:add1
thread:removenull
thread:add1
thread:removenull
thread:add1
thread:removenull
thread:removenull
thread:add1
thread:removenull
thread:add1
thread:removenull
thread:add1
thread:removenull
thread:add1
transfer thread:removenull
thread:add1
thread:removenull
thread:add1
thread:removenull
thread:add1
thread:removenull
transfer thread:removenull
thread:add1
thread:removenull
thread:removenull
thread:add1
thread:add1
thread:removenull
transfer thread:add1
thread:removenull
thread:add1
thread:add1
thread:removenull
thread:removenull
thread:add1
transfer thread:add1
thread:add1
thread:remove1
thread:removenull
thread:addnull
thread:removenull
thread:add1
transfer thread:removenull
thread:removenull
thread:add1
thread:removenull
thread:add1
transfer thread:remove1
thread:add1
thread:remove1
thread:removenull
thread:add1
thread:removenull
thread:add1
transfer thread:add1
thread:add1
thread:removenull
thread:add1
thread:add1
thread:add1
transfer thread:add1
thread:add1
thread:add1
thread:add1
thread:add1
thread:add1
thread:removenull
thread:add1
thread:add1
thread:removenull
thread:add1
thread:removenull
thread:add1
thread:removenull
thread:add1
thread:removenull
thread:add1
thread:removenull
thread:add1
thread:removenull
thread:add1
thread:removenull
thread:add1
thread:removenull
thread:add1
thread:removenull
thread:add1
thread:removenull
thread:removenull
thread:add1
thread:removenull
thread:add1
thread:add1
thread:removenull
thread:add1
thread:removenull
thread:add1
thread:removenull
thread:add1
thread:removenull
thread:add1
thread:removenull
thread:add1
thread:removenull
thread:add1
thread:removenull
thread:add1
thread:removenull
thread:add1
thread:removenull
thread:add1
thread:removenull
thread:removenull
thread:removenull
thread:removenull
thread:removenull
thread:removenull
thread:removenull
thread:removenull
thread:removenull
thread:removenull
thread:removenull
thread:removenull
thread:removenull
thread:removenull
thread:removenull
thread:removenull
thread:removenull
thread:removenull
thread:removenull
thread:add1
thread:removenull
thread:removenull
thread:removenull
thread:removenull
thread:removenull
thread:removenull
thread:removenull
thread:removenull
thread:removenull
thread:removenull
thread:removenull
thread:removenull
thread:removenull
thread:removenull
thread:removenull
thread:removenull
thread:removenull
thread:removenull
thread:add1
thread:removenull
thread:add1
thread:removenull
thread:add1
thread:removenull
thread:add1
thread:removenull
thread:add1
thread:removenull
thread:add1
thread:removenull
thread:add1
thread:removenull
thread:add1
thread:removenull
thread:add1
thread:removenull
thread:add1
thread:removenull
thread:add1
thread:removenull
thread:add1
thread:add1
thread:removenull
thread:add1
thread:removenull
thread:add1
thread:removenull
thread:add1
thread:add1
thread:remove1
thread:add1
thread:add1
thread:add1
thread:removenull
thread:add1
thread:removenull
thread:add1
thread:removenull
thread:add1
thread:removenull
thread:add1
thread:removenull
thread:add1
thread:removenull
thread:add1
thread:add1
thread:removenull
thread:add1
thread:removenull
thread:add1
thread:removenull
thread:add1
thread:add1
thread:add1
thread:add1
thread:add1
thread:removenull
thread:add1
thread:add1
thread:removenull
thread:add1
thread:add1
thread:removenull
thread:add1
thread:removenull
thread:removenull
thread:addnull
thread:add1
thread:removenull
thread:add1
thread:removenull
thread:add1
thread:removenull
thread:add1
thread:removenull
thread:add1
thread:add1
thread:removenull
thread:add1
thread:removenull
thread:add1
thread:removenull
thread:add1
thread:removenull
thread:add1
thread:removenull
thread:add1
thread:add1
thread:removenull
thread:add1
thread:removenull
thread:add1
thread:removenull
thread:add1
thread:add1
thread:add1
thread:add1
thread:add1
thread:add1
thread:add1
thread:add1
thread:remove1
thread:add1
thread:add1
thread:removenull
thread:add1
thread:removenull
thread:add1
thread:add1
thread:remove1
thread:add1
thread:add1
thread:removenull
thread:add1
thread:removenull
thread:add1
thread:add1
thread:remove1
thread:add1
thread:add1
thread:removenull
thread:add1
thread:add1
thread:removenull
thread:add1
thread:add1
thread:removenull
thread:add1
thread:add1
thread:removenull
thread:add1
thread:removenull
thread:add1
thread:removenull
thread:add1
thread:add1
thread:removenull
thread:add1
thread:removenull
thread:add1
thread:add1
thread:removenull
thread:add1
thread:removenull
thread:add1
thread:add1
thread:removenull
thread:add1
thread:removenull
thread:add1
thread:removenull
thread:add1
thread:removenull
thread:add1
thread:removenull
thread:add1
thread:add1
thread:removenull
thread:removenull
thread:add1
thread:removenull
thread:removenull
thread:add1
thread:add1
thread:removenull
thread:add1
thread:removenull
thread:add1
thread:removenull
thread:add1
thread:removenull
thread:add1
thread:removenull
thread:add1
thread:removenull
thread:add1
thread:removenull
thread:add1
thread:removenull
thread:add1
thread:removenull
thread:add1
thread:removenull
thread:add1
thread:removenull
thread:add1
thread:removenull
thread:add1
thread:removenull
thread:add1
thread:removenull
thread:removenull
thread:addnull
thread:removenull
thread:add1
thread:removenull
thread:add1
thread:removenull
thread:add1
thread:removenull
thread:add1
thread:removenull
thread:add1
thread:removenull
thread:removenull
thread:addnull
thread:removenull
thread:add1
thread:removenull
thread:add1
thread:removenull
thread:add1
thread:add1
thread:remove1
thread:add1
thread:removenull
thread:add1
thread:removenull
thread:add1
thread:removenull
thread:add1
thread:removenull
thread:add1
thread:removenull
thread:add1
thread:removenull
thread:add1
thread:removenull
thread:add1
thread:removenull
thread:add1
thread:removenull
thread:add1
thread:removenull
thread:add1
thread:removenull
thread:add1
thread:removenull
thread:add1
thread:removenull
thread:add1
thread:removenull
thread:add1
thread:removenull
thread:add1
thread:removenull
thread:add1
thread:removenull
thread:add1
thread:removenull
thread:add1
thread:removenull
thread:removenull
thread:removenull
thread:add1
thread:removenull
thread:removenull
thread:add1
thread:removenull
thread:add1
thread:removenull
thread:add1
thread:addnull
thread:removenull
thread:removenull
thread:add1
thread:removenull
thread:removenull
thread:add1
thread:removenull
thread:removenull
thread:removenull
thread:add1
thread:removenull
thread:add1
thread:removenull
thread:add1
thread:removenull
thread:remove1
thread:add1
thread:removenull
thread:add1
thread:removenull
thread:removenull
thread:removenull
thread:removenull
thread:removenull
thread:removenull
thread:removenull
thread:removenull
thread:add1
thread:removenull
thread:removenull
thread:add1
thread:removenull
thread:add1
thread:removenull
thread:add1
thread:removenull
thread:add1
thread:removenull
thread:add1
thread:removenull
thread:add1
thread:removenull
thread:add1
thread:removenull
thread:add1
thread:removenull
thread:add1
thread:add1
thread:removenull
thread:removenull
thread:removenull
thread:add1
thread:removenull
thread:add1
thread:add1
thread:add1
thread:add1
thread:add1
thread:add1
thread:add1
thread:add1
thread:add1
thread:add1
thread:removenull
thread:add1
thread:removenull
thread:add1
thread:removenull
thread:add1
thread:add1
thread:add1
thread:removenull
thread:add1
thread:add1
thread:add1
thread:add1
thread:add1
thread:add1
thread:add1
thread:add1
thread:add1
thread:add1
thread:add1
thread:add1
thread:add1
thread:add1
thread:add1
thread:add1
thread:add1
thread:add1
thread:add1
thread:add1
thread:add1
thread:add1
thread:add1
thread:removenull
thread:add1
thread:add1
thread:removenull
thread:add1
thread:removenull
thread:add1
thread:removenull
thread:add1
thread:add1
thread:add1
thread:removenull
thread:add1
thread:removenull
thread:add1
thread:removenull
thread:add1
thread:removenull
thread:add1
thread:add1
thread:removenull
thread:removenull
thread:add1
thread:removenull
thread:add1
thread:add1
thread:removenull
thread:removenull
thread:addnull
thread:removenull
thread:add1
thread:removenull
thread:add1
thread:removenull
thread:add1
thread:removenull
thread:add1
thread:removenull
thread:removenull
thread:add1
thread:add1
thread:remove1
thread:removenull
thread:add1
thread:add1
thread:remove1
thread:removenull
thread:add1
thread:add1
thread:removenull
thread:removenull
thread:add1
thread:removenull
thread:add1
thread:removenull
thread:add1
thread:removenull
thread:add1
thread:add1
thread:removenull
thread:removenull
thread:add1
thread:add1
thread:removenull
thread:add1
thread:remove1
thread:removenull
thread:add1
thread:removenull
thread:add1
thread:removenull
thread:add1
thread:removenull
thread:add1
thread:removenull
thread:add1
thread:removenull
thread:add1
thread:removenull
thread:add1
thread:removenull
thread:add1
thread:removenull
thread:add1
thread:removenull
thread:add1
thread:removenull
thread:add1
thread:add1
thread:removenull
thread:add1
thread:add1
thread:removenull
thread:add1
thread:removenull
thread:add1
thread:removenull
thread:add1
thread:removenull
thread:removenull
thread:add1
thread:removenull
thread:removenull
thread:add1
thread:add1
thread:removenull
thread:add1
thread:add1
thread:add1
thread:add1
thread:add1
thread:add1
thread:add1
thread:add1
thread:removenull
thread:addnull
thread:add1
thread:add1
thread:add1
thread:add1
thread:add1
thread:removenull
thread:add1
thread:add1
thread:add1
thread:add1
thread:add1
thread:add1
thread:add1
thread:add1
thread:add1
thread:add1
thread:add1
thread:add1
thread:add1
thread:add1
thread:add1
thread:add1
thread:add1
thread:add1
thread:add1
thread:add1
transfer thread:remove1
thread:add1
transfer thread:remove1
thread:add1
transfer thread:add1
transfer thread:add1
transfer thread:remove1
transfer thread:remove1
transfer thread:add1
transfer thread:add1
transfer thread:remove1
transfer thread:remove1
transfer thread:add1
transfer thread:add1
thread:add1
thread:add1
thread:add1
thread:add1
thread:add1
thread:add1
thread:add1
thread:add1
thread:removenull
thread:add1
thread:add1
thread:add1
thread:add1
thread:add1
thread:add1
thread:add1
thread:add1
thread:add1
thread:add1
thread:add1
thread:add1
thread:add1
thread:add1
thread:add1
thread:add1
thread:add1
thread:add1
thread:add1
thread:add1
thread:add1
thread:add1
thread:add1
thread:add1
thread:add1
thread:add1
thread:add1
thread:add1
thread:add1
thread:add1
thread:add1
thread:add1
thread:add1
thread:add1
thread:add1
thread:add1
thread:add1
thread:add1
thread:add1
thread:add1
thread:add1
thread:add1
thread:add1
thread:add1
thread:add1
thread:add1
thread:add1
thread:add1
thread:removenull
thread:add1
thread:add1
thread:removenull
thread:add1
thread:removenull
thread:add1
thread:add1
thread:add1
thread:removenull
thread:add1
thread:removenull
thread:removenull
thread:removenull
thread:removenull
thread:add1
thread:removenull
thread:add1
thread:add1
thread:remove1
thread:add1
thread:add1
thread:add1
transfer thread:remove1
thread:add1
thread:add1
transfer thread:remove1
thread:add1
thread:add1
thread:add1
thread:add1
thread:add1
thread:add1
thread:add1
thread:add1
thread:add1
thread:add1
transfer thread:add1
thread:add1
thread:add1
transfer thread:add1
thread:add1
thread:add1
thread:add1
thread:add1
thread:add1
thread:add1
thread:add1
thread:add1
thread:add1
thread:add1
thread:add1
thread:add1
thread:add1
thread:add1
thread:add1
thread:add1
thread:add1
thread:add1
thread:add1
thread:add1
thread:add1
thread:add1
thread:add1
thread:add1
thread:removenull
thread:add1
thread:add1
thread:remove1
thread:add1
thread:removenull
thread:add1
thread:removenull
thread:add1
thread:removenull
thread:add1
thread:add1
thread:remove1
thread:add1
thread:removenull
thread:add1
thread:removenull
thread:add1
thread:removenull
thread:add1
thread:removenull
thread:removenull
thread:add1
thread:removenull
thread:add1
thread:removenull
thread:add1
thread:removenull
thread:add1
thread:removenull
thread:removenull
thread:add1
thread:removenull
thread:add1
thread:removenull
thread:removenull
thread:add1
thread:removenull
thread:removenull
thread:add1
thread:removenull
thread:add1
thread:add1
thread:add1
thread:add1
thread:add1
thread:add1
thread:add1
thread:removenull
thread:add1
thread:removenull
thread:add1
thread:removenull
thread:add1
thread:removenull
thread:add1
thread:removenull
thread:add1
thread:removenull
thread:add1
thread:add1
thread:removenull
thread:add1
thread:removenull
thread:add1
thread:removenull
thread:add1
thread:removenull
thread:removenull
thread:addnull
thread:removenull
thread:add1
thread:remove1
thread:add1
thread:removenull
thread:removenull
thread:addnull
thread:removenull
thread:removenull
thread:add1
thread:removenull
thread:add1
thread:removenull
thread:add1
thread:removenull
thread:removenull
thread:addnull
thread:removenull
thread:add1
thread:removenull
thread:add1
thread:add1
thread:add1
thread:add1
thread:add1
thread:add1
thread:add1
thread:add1
thread:add1
thread:add1
thread:add1
thread:add1
thread:add1
thread:add1
thread:add1
thread:add1
thread:add1
thread:add1
thread:add1
thread:removenull
thread:add1
thread:add1
thread:add1
thread:add1
thread:add1
thread:add1
thread:add1
thread:add1
thread:add1
thread:add1
thread:add1
thread:add1
thread:add1
thread:add1
thread:add1
thread:add1
thread:add1
thread:add1
thread:add1
thread:add1
thread:add1
thread:add1
thread:add1
thread:add1
thread:add1
thread:add1
thread:add1
thread:add1
thread:add1
thread:add1
thread:add1
thread:add1
thread:add1
thread:add1
thread:add1
thread:add1
thread:add1
thread:add1
thread:add1
thread:add1
thread:add1
thread:add1
thread:add1
thread:add1
thread:add1
thread:add1
thread:add1
thread:add1
thread:add1
thread:add1
thread:add1
thread:add1
thread:add1
thread:add1
thread:add1
thread:add1
thread:add1
thread:add1
thread:add1
thread:add1
thread:add1
thread:add1
thread:add1
thread:add1
thread:add1
thread:add1
thread:add1
thread:add1
thread:add1
thread:add1
thread:add1
thread:add1
thread:add1
thread:add1
thread:add1
thread:add1
thread:add1
thread:add1
thread:add1
thread:add1
thread:add1
thread:add1
thread:add1
thread:add1
thread:add1
thread:add1
thread:add1
thread:add1
thread:add1
thread:add1
thread:add1
thread:add1
thread:add1
thread:add1
thread:add1
thread:add1
thread:add1
thread:add1
thread:add1
thread:add1
thread:add1
thread:add1
thread:add1
thread:add1
thread:add1
thread:add1
thread:add1
thread:add1
thread:add1
thread:add1
thread:add1
thread:add1
thread:add1
thread:add1
thread:add1
thread:add1
thread:add1
thread:add1
thread:add1
thread:add1
thread:add1
thread:add1
thread:add1
thread:add1
thread:add1
thread:add1
thread:add1
thread:add1
thread:add1
thread:add1
thread:add1
thread:add1
thread:add1
thread:add1
thread:add1
thread:add1
thread:add1
thread:add1
thread:add1
thread:add1
thread:add1
thread:add1
thread:add1
thread:add1
thread:add1
thread:add1
thread:add1
thread:add1
thread:add1
thread:add1
thread:add1
thread:add1
thread:add1
thread:add1
thread:add1
thread:add1
thread:add1
thread:add1
thread:add1
thread:add1
thread:add1
thread:add1
thread:add1
thread:add1
thread:add1
thread:add1
thread:add1
thread:add1
thread:add1
thread:add1
thread:add1
thread:add1
thread:add1
thread:add1
transfer thread:remove1
thread:add1
thread:add1
thread:add1
thread:add1
thread:add1
thread:add1
thread:add1
thread:add1
thread:add1
thread:add1
thread:add1
thread:add1
transfer thread:remove1
thread:add1
thread:add1
thread:add1
thread:add1
thread:add1
thread:add1
thread:add1
thread:add1
thread:add1
thread:add1
thread:add1
thread:add1
thread:add1
thread:add1
thread:add1
thread:add1
thread:add1
thread:add1
thread:add1
thread:add1
thread:add1
thread:add1
thread:add1
thread:add1
thread:add1
thread:add1
thread:add1
thread:add1
thread:add1
thread:add1
thread:add1
thread:add1
thread:add1
thread:add1
thread:add1
thread:add1
thread:add1
thread:add1
thread:add1
thread:add1
thread:add1
thread:add1
thread:add1
thread:add1
thread:add1
thread:add1
thread:add1
thread:add1
thread:add1
thread:add1
thread:add1
thread:add1
thread:add1
thread:removenull
thread:add1
thread:add1
thread:add1
thread:removenull
thread:add1
thread:removenull
thread:removenull
thread:removenull
thread:addnull
thread:removenull
thread:add1
thread:removenull
thread:add1
thread:removenull
thread:add1
thread:removenull
thread:add1
thread:removenull
thread:removenull
thread:add1
thread:removenull
thread:removenull
thread:add1
thread:removenull
thread:removenull
thread:add1
thread:removenull
thread:add1
thread:addnull
thread:removenull
thread:add1
thread:removenull
thread:add1
thread:removenull
thread:add1
thread:removenull
thread:add1
thread:removenull
thread:removenull
thread:add1
thread:add1
thread:removenull
thread:add1
thread:add1
thread:removenull
thread:add1
thread:add1
thread:add1
thread:add1
thread:add1
thread:add1
thread:add1
thread:add1
thread:add1
thread:add1
thread:add1
thread:add1
thread:add1
thread:add1
thread:add1
thread:removenull
thread:add1
thread:removenull
thread:add1
thread:removenull
thread:removenull
thread:add1
thread:removenull
thread:removenull
thread:add1
thread:removenull
thread:add1
thread:removenull
thread:add1
thread:removenull
thread:add1
thread:removenull
thread:add1
thread:removenull
thread:add1
thread:removenull
thread:add1
thread:removenull
thread:add1
thread:removenull
thread:add1
thread:removenull
thread:add1
thread:removenull
transfer thread:addnull
thread:add1
thread:removenull
thread:add1
thread:removenull
thread:add1
thread:removenull
thread:add1
thread:removenull
thread:add1
thread:removenull
transfer thread:addnull
thread:add1
thread:removenull
thread:add1
thread:removenull
thread:add1
transfer thread:removenull
thread:add1
thread:removenull
thread:add1
thread:add1
thread:removenull
transfer thread:remove1
thread:add1
thread:removenull
thread:add1
thread:removenull
thread:add1
thread:removenull
thread:add1
transfer thread:add1
thread:removenull
thread:add1
thread:removenull
thread:add1
transfer thread:add1
thread:add1
thread:removenull
thread:add1
thread:removenull
transfer thread:remove1
thread:add1
thread:removenull
thread:add1
thread:removenull
transfer thread:removenull
thread:add1
thread:removenull
thread:add1
transfer thread:addnull
thread:add1
thread:removenull
thread:add1
thread:removenull
thread:add1
transfer thread:removenull
thread:add1
thread:removenull
thread:add1
thread:add1
thread:add1
thread:add1
thread:add1
thread:add1
transfer thread:add1
thread:add1
thread:add1
thread:add1
thread:add1
transfer thread:add1
thread:add1
thread:add1
thread:add1
thread:add1
transfer thread:remove1
thread:add1
thread:add1
transfer thread:remove1
thread:add1
thread:add1
thread:add1
transfer thread:add1
thread:add1
thread:add1
transfer thread:add1
thread:add1
thread:add1
transfer thread:remove1
thread:add1
transfer thread:remove1
thread:add1
thread:add1
transfer thread:add1
thread:add1
thread:add1
transfer thread:add1
thread:add1
thread:add1
transfer thread:remove1
thread:removenull
thread:removenull
thread:removenull
thread:removenull
thread:removenull
thread:removenull
thread:removenull
thread:removenull
thread:removenull
thread:removenull
thread:removenull
thread:add1
thread:removenull
thread:removenull
thread:removenull
thread:add1
thread:removenull
thread:removenull
thread:add1
thread:removenull
thread:add1
thread:add1
thread:removenull
thread:add1
thread:removenull
thread:add1
thread:removenull
thread:removenull
thread:add1
thread:removenull
thread:add1
thread:removenull
thread:add1
thread:removenull
transfer thread:addnull
thread:add1
thread:removenull
thread:add1
thread:removenull
thread:add1
thread:removenull
thread:add1
transfer thread:removenull
thread:removenull
thread:removenull
thread:add1
thread:removenull
thread:add1
thread:removenull
transfer thread:remove1
thread:add1
thread:removenull
thread:add1
thread:removenull
thread:add1
thread:removenull
thread:add1
thread:removenull
thread:add1
thread:removenull
transfer thread:addnull
thread:add1
thread:removenull
thread:removenull
thread:add1
thread:removenull
transfer thread:addnull
thread:add1
thread:removenull
thread:add1
thread:removenull
thread:add1
thread:removenull
thread:add1
thread:removenull
thread:add1
thread:removenull
thread:add1
thread:removenull
thread:removenull
transfer thread:removenull
transfer thread:remove1
thread:add1
thread:add1
thread:add1
transfer thread:add1
thread:add1
transfer thread:add1
thread:add1
thread:add1
thread:add1
thread:removenull
thread:add1
thread:removenull
transfer thread:removenull
thread:removenull
thread:add1
thread:removenull
thread:add1
thread:removenull
thread:add1
thread:removenull
thread:add1
thread:add1
thread:removenull
transfer thread:remove1
transfer thread:addnull
thread:removenull
thread:removenull
thread:add1
thread:removenull
thread:removenull
thread:addnull
thread:removenull
thread:removenull
thread:add1
thread:removenull
thread:add1
thread:removenull
transfer thread:addnull
thread:add1
thread:removenull
thread:add1
thread:removenull
thread:add1
thread:removenull
thread:add1
thread:removenull
thread:add1
thread:removenull
thread:add1
thread:removenull
thread:removenull
thread:add1
thread:removenull
thread:add1
thread:removenull
thread:add1
thread:removenull
thread:add1
thread:removenull
thread:add1
thread:removenull
thread:add1
thread:removenull
thread:removenull
thread:add1
thread:removenull
thread:add1
thread:removenull
thread:removenull
thread:add1
thread:removenull
thread:add1
thread:removenull
thread:add1
thread:removenull
thread:add1
thread:removenull
thread:add1
thread:removenull
thread:add1
thread:removenull
thread:add1
thread:removenull
thread:add1
thread:removenull
thread:add1
thread:removenull
thread:add1
thread:removenull
thread:add1
thread:removenull
thread:add1
thread:removenull
thread:add1
thread:removenull
thread:add1
thread:removenull
thread:add1
thread:removenull
thread:add1
thread:removenull
thread:add1
thread:removenull
thread:add1
thread:removenull
thread:add1
thread:removenull
thread:removenull
thread:add1
thread:removenull
thread:add1
thread:removenull
thread:add1
thread:removenull
thread:add1
thread:removenull
thread:add1
thread:removenull
thread:add1
thread:removenull
thread:add1
thread:removenull
thread:add1
thread:removenull
thread:add1
thread:removenull
thread:add1
thread:removenull
thread:removenull
thread:add1
thread:removenull
thread:add1
thread:removenull
thread:add1
thread:removenull
thread:add1
thread:removenull
thread:add1
thread:removenull
thread:add1
thread:add1
thread:removenull
thread:removenull
thread:add1
thread:removenull
thread:add1
thread:removenull
thread:add1
thread:removenull
thread:add1
thread:removenull
thread:add1
thread:removenull
thread:add1
thread:removenull
thread:add1
thread:add1
thread:removenull
thread:add1
thread:removenull
thread:add1
thread:removenull
thread:add1
thread:removenull
thread:add1
thread:removenull
thread:add1
thread:add1
thread:remove1
thread:add1
thread:add1
thread:remove1
thread:add1
thread:removenull
transfer thread:removenull
thread:removenull
thread:removenull
thread:add1
thread:removenull
thread:add1
thread:removenull
thread:removenull
thread:addnull
thread:removenull
thread:removenull
transfer thread:addnull
thread:removenull
transfer thread:removenull
thread:add1
transfer thread:add1
thread:add1
thread:add1
thread:removenull
thread:add1
thread:removenull
thread:add1
thread:removenull
transfer thread:remove1
thread:add1
thread:removenull
thread:add1
thread:removenull
thread:add1
thread:removenull
thread:removenull
thread:addnull
thread:add1
thread:removenull
thread:removenull
thread:add1
thread:removenull
thread:add1
thread:removenull
thread:add1
thread:removenull
thread:add1
thread:removenull
thread:add1
thread:removenull
thread:add1
thread:removenull
thread:add1
thread:removenull
thread:add1
thread:removenull
thread:add1
thread:removenull
thread:add1
thread:removenull
thread:add1
thread:removenull
thread:add1
thread:removenull
thread:add1
thread:removenull
thread:add1
thread:removenull
thread:add1
thread:removenull
thread:add1
thread:removenull
thread:removenull
thread:add1
thread:removenull
thread:add1
thread:removenull
thread:add1
thread:removenull
thread:add1
thread:add1
thread:remove1
thread:addnull
thread:removenull
thread:removenull
thread:add1
thread:remove1
thread:add1
thread:removenull
thread:removenull
thread:removenull
thread:removenull
transfer thread:addnull
thread:add1
thread:add1
thread:add1
thread:removenull
thread:add1
thread:removenull
thread:removenull
thread:addnull
thread:add1
thread:remove1
thread:removenull
thread:add1
thread:remove1
thread:add1
thread:remove1
thread:add1
thread:removenull
thread:add1
thread:removenull
thread:add1
thread:removenull
thread:add1
thread:removenull
thread:add1
thread:removenull
thread:add1
thread:removenull
thread:add1
thread:removenull
thread:add1
thread:removenull
thread:add1
thread:removenull
thread:removenull
thread:add1
thread:add1
thread:remove1
thread:add1
thread:removenull
thread:removenull
thread:add1
thread:add1
thread:removenull
thread:removenull
thread:addnull
thread:add1
thread:remove1
thread:addnull
thread:removenull
thread:add1
thread:removenull
thread:removenull
thread:add1
thread:removenull
thread:add1
thread:removenull
thread:add1
thread:removenull
thread:removenull
thread:add1
thread:remove1
thread:add1
thread:removenull
thread:add1
thread:removenull
thread:add1
thread:removenull
thread:add1
thread:removenull
thread:add1
thread:removenull
thread:add1
thread:removenull
thread:add1
thread:removenull
transfer thread:removenull
thread:add1
thread:removenull
thread:removenull
thread:add1
thread:add1
thread:removenull
thread:add1
thread:removenull
thread:removenull
thread:add1
transfer thread:remove1
thread:removenull
thread:add1
thread:removenull
thread:add1
thread:removenull
thread:add1
thread:removenull
thread:add1
thread:removenull
thread:removenull
thread:add1
thread:removenull
thread:add1
thread:removenull
thread:add1
thread:remove1
transfer thread:add1
thread:add1
thread:removenull
thread:removenull
thread:add1
thread:add1
thread:removenull
transfer thread:add1
thread:removenull
thread:add1
thread:remove1
thread:add1
thread:removenull
thread:add1
thread:remove1
thread:add1
thread:removenull
thread:add1
thread:removenull
thread:add1
transfer thread:remove1
thread:removenull
thread:add1
thread:remove1
thread:add1
thread:add1
thread:remove1
thread:removenull
transfer thread:remove1
thread:add1
thread:removenull
thread:add1
thread:removenull
thread:add1
thread:removenull
thread:addnull
thread:removenull
transfer thread:addnull
thread:add1
thread:removenull
thread:removenull
transfer thread:addnull
thread:removenull
thread:add1
thread:removenull
thread:add1
thread:removenull
thread:add1
thread:removenull
thread:removenull
thread:add1
thread:add1
thread:remove1
thread:add1
thread:removenull
thread:add1
thread:removenull
GBK
thread:add1
thread:removenull
thread:add1
thread:removenull
thread:removenull
thread:add1
thread:removenull
thread:add1
thread:removenull
thread:add1
thread:add1
thread:remove1
thread:add1
thread:removenull
thread:removenull
thread:addnull
thread:add1
thread:remove1
thread:addnull
thread:removenull
thread:removenull
thread:add1
thread:removenull
thread:add1
thread:removenull
thread:removenull
transfer thread:remove1
thread:removenull
thread:removenull
thread:removenull
thread:removenull
thread:removenull
thread:removenull
thread:removenull
thread:add1
thread:removenull
thread:removenull
thread:add1
thread:removenull
thread:removenull
thread:add1
thread:removenull
thread:add1
thread:removenull
thread:add1
thread:removenull
thread:add1
thread:removenull
thread:add1
thread:removenull
thread:add1
thread:removenull
thread:removenull
thread:addnull
thread:removenull
thread:removenull
thread:removenull
thread:removenull
thread:removenull
thread:removenull
thread:add1
thread:removenull
thread:add1
thread:add1
thread:add1
thread:add1
thread:add1
thread:add1
thread:add1
thread:removenull
thread:add1
thread:add1
thread:removenull
thread:removenull
thread:add1
thread:removenull
thread:add1
thread:removenull
thread:add1
thread:removenull
thread:add1
thread:removenull
thread:add1
thread:removenull
thread:add1
thread:removenull
thread:add1
thread:removenull
thread:add1
thread:removenull
thread:add1
thread:removenull
thread:add1
thread:removenull
thread:add1
thread:removenull
thread:add1
thread:removenull
thread:add1
thread:removenull
thread:add1
thread:removenull
thread:add1
thread:removenull
thread:add1
thread:removenull
thread:add1
thread:removenull
thread:removenull
thread:removenull
thread:removenull
thread:removenull
thread:removenull
thread:removenull
thread:removenull
thread:removenull
thread:removenull
thread:removenull
thread:removenull
thread:removenull
thread:removenull
thread:removenull
thread:removenull
thread:removenull
transfer thread:removenull
thread:removenull
thread:removenull
thread:removenull
thread:removenull
thread:removenull
thread:removenull
thread:removenull
thread:removenull
thread:removenull
thread:removenull
thread:removenull
thread:removenull
thread:removenull
thread:addnull
thread:removenull
thread:add1
thread:removenull
thread:add1
thread:removenull
thread:removenull
thread:addnull
thread:removenull
thread:add1
thread:removenull
thread:removenull
thread:add1
thread:removenull
thread:add1
thread:removenull
thread:add1
thread:removenull
thread:add1
thread:removenull
thread:add1
thread:removenull
thread:add1
thread:removenull
thread:addnull
thread:removenull
thread:add1
thread:removenull
thread:add1
thread:removenull
thread:add1
thread:removenull
thread:add1
thread:removenull
thread:add1
thread:removenull
thread:add1
thread:removenull
thread:add1
thread:removenull
thread:add1
thread:removenull
thread:add1
thread:removenull
thread:removenull
thread:add1
thread:removenull
thread:add1
thread:removenull
thread:removenull
thread:addnull
thread:removenull
thread:add1
thread:removenull
thread:add1
thread:removenull
thread:add1
thread:removenull
thread:add1
thread:removenull
thread:add1
thread:removenull
thread:add1
thread:removenull
thread:add1
thread:removenull
thread:add1
thread:removenull
thread:add1
thread:removenull
thread:removenull
thread:removenull
transfer thread:addnull
thread:removenull
thread:removenull
thread:removenull
thread:removenull
thread:removenull
thread:addnull
thread:removenull
thread:removenull
thread:removenull
thread:removenull
thread:removenull
transfer thread:addnull
transfer thread:remove1
thread:removenull
thread:add1
transfer thread:removenull
thread:removenull
thread:add1
thread:removenull
thread:add1
thread:removenull
transfer thread:addnull
thread:add1
thread:removenull
thread:removenull
thread:removenull
thread:add1
transfer thread:add1
thread:removenull
thread:add1
thread:removenull
thread:add1
transfer thread:remove1
thread:removenull
thread:add1
thread:removenull
thread:add1
transfer thread:remove1
thread:removenull
thread:add1
transfer thread:add1
thread:add1
thread:remove1
transfer thread:add1
thread:removenull
thread:addnull
transfer thread:removenull
thread:removenull
thread:add1
transfer thread:removenull
thread:removenull
thread:add1
thread:removenull
thread:add1
transfer thread:add1
thread:removenull
thread:add1
thread:removenull
transfer thread:addnull
thread:add1
thread:removenull
thread:add1
thread:removenull
thread:add1
transfer thread:remove1
thread:removenull
thread:add1
thread:removenull
transfer thread:removenull
thread:add1
thread:removenull
thread:add1
thread:removenull
transfer thread:addnull
thread:add1
thread:removenull
thread:add1
transfer thread:add1
thread:removenull
thread:add1
thread:removenull
thread:add1
transfer thread:remove1
thread:removenull
thread:add1
transfer thread:remove1
thread:removenull
thread:add1
thread:removenull
thread:add1
transfer thread:add1
thread:removenull
thread:add1
transfer thread:add1
thread:removenull
thread:add1
thread:add1
transfer thread:remove1
thread:add1
thread:removenull
thread:add1
transfer thread:remove1
thread:remove1
thread:add1
transfer thread:add1
thread:add1
thread:removenull
transfer thread:add1
thread:add1
thread:removenull
thread:removenull
thread:addnull
thread:removenull
transfer thread:removenull
thread:removenull
thread:addnull
thread:removenull
thread:add1
thread:removenull
thread:add1
thread:removenull
thread:add1
thread:removenull
thread:add1
thread:removenull
thread:add1
thread:removenull
thread:add1
thread:removenull
thread:add1
thread:removenull
thread:add1
thread:removenull
thread:add1
thread:removenull
thread:add1
thread:removenull
thread:add1
thread:removenull
thread:add1
thread:removenull
thread:add1
thread:removenull
thread:add1
thread:removenull
thread:add1
thread:removenull
thread:add1
thread:removenull
thread:add1
thread:removenull
thread:add1
thread:removenull
thread:add1
thread:removenull
thread:add1
thread:removenull
thread:add1
thread:removenull
thread:add1
thread:removenull
thread:add1
thread:removenull
thread:add1
thread:removenull
thread:add1
thread:removenull
thread:add1
thread:removenull
thread:add1
thread:removenull
thread:add1
thread:removenull
thread:add1
thread:removenull
thread:add1
thread:removenull
thread:add1
thread:removenull
thread:add1
thread:removenull
transfer thread:remove1
thread:add1
thread:removenull
thread:add1
thread:removenull
thread:add1
thread:removenull
thread:add1
thread:add1
transfer thread:add1
thread:add1
thread:removenull
transfer thread:addnull
thread:add1
thread:removenull
thread:add1
thread:removenull
transfer thread:remove1
thread:add1
thread:removenull
thread:add1
thread:removenull
thread:add1
thread:removenull
thread:add1
transfer thread:removenull
thread:removenull
thread:add1
thread:removenull
thread:add1
thread:removenull
thread:add1
thread:removenull
thread:add1
thread:removenull
transfer thread:add1
thread:add1
thread:removenull
thread:add1
thread:removenull
transfer thread:addnull
thread:add1
thread:removenull
thread:add1
thread:removenull
thread:add1
thread:removenull
thread:add1
thread:removenull
thread:add1
thread:removenull
thread:removenull
thread:add1
thread:removenull
thread:add1
thread:removenull
thread:add1
thread:removenull
thread:add1
thread:add1
thread:add1
thread:add1
thread:add1
thread:add1
thread:add1
transfer thread:removenull
thread:add1
thread:add1
thread:add1
thread:add1
thread:add1
thread:add1
transfer thread:remove1
thread:add1
thread:add1
thread:remove1
thread:add1
thread:removenull
thread:add1
thread:removenull
thread:add1
thread:removenull
thread:add1
thread:removenull
thread:add1
thread:removenull
thread:add1
thread:removenull
thread:add1
thread:removenull
thread:add1
thread:removenull
thread:add1
transfer thread:addnull
thread:removenull
thread:add1
thread:removenull
thread:add1
transfer thread:add1
thread:removenull
thread:add1
thread:removenull
thread:add1
thread:removenull
thread:removenull
thread:add1
thread:removenull
thread:add1
thread:removenull
thread:add1
thread:removenull
thread:add1
thread:removenull
thread:add1
thread:add1
thread:add1
thread:add1
thread:add1
thread:add1
thread:add1
thread:add1
thread:add1
thread:add1
thread:add1
thread:add1
thread:add1
thread:add1
thread:add1
thread:add1
thread:add1
thread:add1
thread:removenull
thread:add1
thread:remove1
thread:removenull
thread:addnull
transfer thread:removenull
thread:removenull
thread:removenull
thread:removenull
thread:addnull
thread:removenull
thread:add1
thread:removenull
thread:add1
thread:removenull
thread:add1
thread:removenull
thread:add1
thread:removenull
thread:removenull
thread:removenull
thread:add1
thread:removenull
thread:removenull
thread:removenull
transfer thread:remove1
thread:removenull
thread:add1
thread:removenull
thread:add1
thread:removenull
thread:add1
thread:removenull
thread:add1
thread:removenull
transfer thread:add1
thread:add1
thread:removenull
thread:add1
thread:removenull
thread:add1
transfer thread:addnull
thread:removenull
thread:add1
thread:removenull
thread:add1
thread:removenull
thread:add1
thread:removenull
transfer thread:removenull
thread:add1
thread:removenull
thread:add1
transfer thread:remove1
thread:removenull
thread:add1
thread:add1
transfer thread:add1
thread:add1
thread:add1
thread:add1
thread:add1
transfer thread:add1
transfer thread:remove1
thread:add1
thread:add1
thread:add1
transfer thread:add1
thread:add1
thread:add1
thread:add1
thread:add1
thread:add1
thread:add1
thread:add1
thread:add1
thread:add1
thread:add1
thread:add1
thread:add1
thread:add1
thread:add1
thread:add1
transfer thread:remove1
thread:add1
thread:add1
thread:add1
thread:add1
thread:add1
thread:add1
thread:add1
thread:add1
thread:add1
thread:add1
thread:removenull
thread:add1
transfer thread:add1
thread:removenull
transfer thread:remove1
thread:add1
thread:removenull
thread:add1
thread:removenull
thread:add1
transfer thread:add1
thread:removenull
thread:add1
thread:removenull
thread:add1
thread:removenull
thread:add1
transfer thread:remove1
thread:removenull
thread:add1
thread:removenull
thread:add1
thread:removenull
thread:add1
thread:removenull
thread:add1
thread:removenull
thread:add1
thread:removenull
thread:add1
thread:removenull
thread:add1
thread:removenull
thread:add1
thread:removenull
thread:add1
thread:removenull
thread:add1
thread:removenull
thread:add1
thread:removenull
thread:add1
thread:removenull
thread:add1
thread:removenull
thread:add1
thread:removenull
thread:add1
thread:removenull
thread:add1
thread:removenull
thread:add1
thread:removenull
thread:add1
thread:removenull
thread:add1
transfer thread:add1
thread:removenull
thread:add1
thread:removenull
thread:add1
thread:add1
thread:remove1
thread:add1
thread:removenull
thread:add1
thread:removenull
thread:add1
thread:removenull
thread:add1
thread:removenull
thread:add1
thread:removenull
thread:add1
thread:removenull
thread:add1
thread:removenull
thread:add1
thread:removenull
thread:add1
thread:removenull
thread:add1
thread:removenull
thread:add1
thread:add1
thread:remove1
thread:add1
thread:removenull
thread:add1
thread:removenull
thread:add1
thread:removenull
thread:add1
thread:removenull
thread:add1
thread:removenull
thread:add1
thread:removenull
thread:add1
thread:removenull
thread:add1
thread:removenull
thread:add1
thread:removenull
thread:add1
thread:removenull
thread:add1
thread:remove1
thread:add1
thread:removenull
thread:add1
thread:removenull
thread:add1
thread:removenull
thread:add1
thread:removenull
thread:add1
thread:removenull
thread:add1
thread:removenull
thread:add1
thread:removenull
thread:add1
thread:removenull
thread:add1
thread:removenull
thread:add1
transfer thread:remove1
thread:removenull
thread:add1
thread:removenull
thread:add1
thread:removenull
transfer thread:removenull
thread:add1
thread:removenull
thread:add1
thread:removenull
thread:add1
thread:removenull
thread:add1
thread:removenull
thread:removenull
thread:removenull
thread:add1
transfer thread:addnull
thread:removenull
thread:add1
thread:removenull
thread:removenull
transfer thread:addnull
thread:removenull
thread:removenull
thread:removenull
thread:add1
thread:removenull
thread:removenull
thread:removenull
thread:removenull
thread:removenull
thread:removenull
thread:removenull
thread:removenull
thread:removenull
thread:removenull
thread:removenull
thread:removenull
thread:removenull
thread:removenull
thread:removenull
thread:removenull
thread:removenull
transfer thread:removenull
thread:removenull
thread:removenull
thread:removenull
thread:removenull
transfer thread:removenull
thread:removenull
thread:removenull
thread:removenull
thread:removenull
thread:removenull
thread:add1
thread:removenull
thread:removenull
thread:add1
thread:removenull
thread:add1
thread:removenull
thread:add1
thread:removenull
thread:add1
thread:removenull
thread:add1
thread:removenull
thread:add1
thread:removenull
thread:add1
thread:removenull
thread:add1
thread:removenull
thread:add1
thread:removenull
thread:add1
thread:removenull
thread:add1
thread:removenull
thread:removenull
thread:removenull
thread:removenull
thread:add1
thread:removenull
thread:add1
thread:removenull
thread:add1
thread:removenull
thread:add1
thread:removenull
thread:add1
thread:removenull
thread:add1
thread:removenull
thread:add1
transfer thread:addnull
thread:removenull
thread:add1
thread:removenull
thread:add1
thread:removenull
transfer thread:add1
thread:add1
thread:removenull
thread:add1
thread:removenull
thread:add1
thread:removenull
thread:add1
thread:removenull
thread:removenull
thread:removenull
thread:removenull
thread:removenull
thread:removenull
thread:removenull
thread:removenull
thread:removenull
thread:removenull
thread:removenull
thread:removenull
thread:removenull
thread:removenull
thread:removenull
thread:add1
thread:removenull
thread:add1
thread:removenull
thread:add1
thread:removenull
thread:add1
thread:removenull
thread:add1
thread:removenull
thread:add1
thread:removenull
thread:add1
thread:removenull
thread:add1
thread:removenull
thread:add1
thread:removenull
thread:add1
thread:removenull
thread:add1
thread:removenull
thread:add1
thread:removenull
thread:add1
thread:removenull
thread:add1
thread:removenull
thread:add1
thread:removenull
thread:add1
thread:removenull
thread:add1
thread:removenull
thread:add1
thread:removenull
thread:add1
thread:removenull
thread:add1
thread:removenull
thread:add1
thread:removenull
thread:add1
thread:removenull
thread:add1
thread:removenull
thread:add1
thread:removenull
thread:add1
thread:removenull
thread:add1
]]></system-out>
    <system-err><![CDATA[11月 09, 2022 10:52:35 上午 com.myproject.javastudy.coreJavaTest.TestReflection testLog
信息: test 测试 test
]]></system-err>
  </testcase>
  <testcase name="test" classname="com.myproject.javastudy.coreJavaTest.TestReflection" time="0.007">
    <system-out><![CDATA[transfer thread:removenull
thread:removenull
transfer thread:remove1
thread:add1
transfer thread:add1
thread:removenull
transfer thread:add1
thread:add1
transfer thread:remove1
thread:add1
thread:add1
transfer thread:remove1
thread:add1
thread:add1
thread:add1
thread:add1
thread:add1
thread:add1
transfer thread:add1
transfer thread:addnull
transfer thread:removenull
thread:removenull
thread:removenull
transfer thread:removenull
thread:removenull
thread:removenull
thread:removenull
thread:add1
thread:removenull
thread:removenull
transfer thread:addnull
thread:removenull
thread:addnull
thread:removenull
thread:add1
transfer thread:add1
thread:removenull
thread:add1
thread:removenull
transfer thread:removenull
thread:add1
thread:removenull
thread:removenull
thread:removenull
thread:addnull
transfer thread:addnull
thread:removenull
thread:add1
thread:removenull
thread:add1
thread:removenull
thread:add1
thread:removenull
thread:removenull
thread:add1
thread:removenull
thread:removenull
thread:removenull
transfer thread:removenull
thread:add1
thread:removenull
thread:removenull
thread:add1
thread:removenull
thread:add1
thread:removenull
transfer thread:removenull
thread:removenull
thread:add1
thread:removenull
thread:add1
transfer thread:addnull
thread:removenull
thread:add1
thread:removenull
thread:add1
thread:removenull
thread:add1
transfer thread:add1
thread:removenull
thread:add1
thread:removenull
thread:add1
thread:removenull
thread:add1
transfer thread:removenull
thread:removenull
thread:add1
transfer thread:remove1
thread:removenull
thread:add1
transfer thread:add1
thread:removenull
thread:add1
thread:removenull
thread:add1
thread:removenull
thread:add1
transfer thread:add1
thread:removenull
thread:add1
thread:removenull
thread:add1
thread:removenull
thread:add1
thread:removenull
thread:removenull
thread:add1
transfer thread:remove1
thread:removenull
thread:add1
thread:removenull
thread:add1
thread:removenull
thread:add1
thread:removenull
transfer thread:remove1
thread:add1
thread:removenull
thread:add1
transfer thread:addnull
thread:removenull
thread:add1
thread:removenull
thread:add1
thread:removenull
thread:add1
transfer thread:removenull
thread:removenull
transfer thread:addnull
thread:add1
thread:removenull
thread:add1
thread:removenull
transfer thread:addnull
transfer thread:removenull
thread:removenull
thread:addnull
thread:removenull
thread:add1
thread:removenull
thread:add1
thread:removenull
thread:add1
thread:removenull
thread:add1
thread:removenull
thread:add1
thread:add1
thread:removenull
transfer thread:removenull
thread:add1
thread:removenull
thread:add1
thread:removenull
transfer thread:add1
thread:add1
thread:removenull
thread:removenull
thread:addnull
thread:removenull
transfer thread:addnull
thread:add1
thread:removenull
thread:add1
thread:removenull
thread:add1
thread:removenull
thread:add1
thread:removenull
transfer thread:remove1
thread:add1
thread:add1
thread:remove1
thread:add1
transfer thread:remove1
thread:removenull
thread:add1
transfer thread:add1
transfer thread:addnull
thread:removenull
thread:removenull
thread:removenull
thread:removenull
thread:add1
thread:removenull
thread:add1
thread:removenull
thread:removenull
thread:add1
thread:removenull
thread:add1
transfer thread:removenull
thread:removenull
thread:add1
thread:removenull
thread:add1
thread:removenull
thread:add1
thread:removenull
transfer thread:removenull
thread:add1
thread:removenull
thread:add1
thread:removenull
thread:add1
thread:removenull
transfer thread:addnull
thread:add1
thread:removenull
thread:add1
thread:removenull
thread:add1
thread:removenull
thread:add1
transfer thread:add1
thread:removenull
thread:add1
thread:removenull
thread:add1
thread:removenull
transfer thread:remove1
thread:add1
thread:removenull
thread:add1
thread:removenull
thread:add1
thread:removenull
thread:add1
transfer thread:remove1
thread:removenull
thread:add1
thread:removenull
thread:add1
thread:removenull
thread:add1
transfer thread:add1
thread:removenull
thread:add1
thread:removenull
thread:add1
thread:removenull
thread:add1
thread:removenull
thread:add1
thread:removenull
transfer thread:addnull
thread:add1
thread:removenull
thread:add1
thread:removenull
transfer thread:removenull
thread:add1
thread:removenull
thread:add1
thread:removenull
thread:add1
thread:removenull
thread:add1
thread:removenull
transfer thread:removenull
thread:add1
thread:removenull
thread:removenull
thread:add1
transfer thread:add1
thread:removenull
thread:add1
thread:removenull
thread:add1
thread:removenull
thread:add1
transfer thread:add1
thread:removenull
thread:add1
thread:removenull
thread:removenull
thread:removenull
thread:removenull
transfer thread:removenull
thread:removenull
thread:addnull
thread:removenull
thread:add1
thread:removenull
transfer thread:removenull
thread:add1
thread:removenull
thread:add1
thread:removenull
thread:add1
thread:removenull
thread:add1
thread:removenull
transfer thread:addnull
thread:add1
thread:removenull
thread:add1
thread:removenull
thread:add1
thread:removenull
thread:add1
thread:removenull
transfer thread:addnull
thread:add1
thread:removenull
thread:add1
thread:removenull
thread:add1
thread:removenull
thread:add1
thread:removenull
transfer thread:removenull
thread:add1
thread:removenull
thread:add1
thread:removenull
thread:add1
thread:removenull
transfer thread:removenull
thread:add1
thread:removenull
thread:add1
thread:removenull
thread:add1
thread:removenull
transfer thread:add1
thread:add1
thread:removenull
thread:add1
thread:removenull
thread:add1
thread:removenull
thread:add1
transfer thread:add1
thread:removenull
thread:add1
thread:removenull
thread:add1
thread:removenull
thread:add1
thread:removenull
transfer thread:removenull
thread:add1
thread:removenull
thread:addnull
thread:removenull
thread:add1
thread:removenull
transfer thread:remove1
thread:add1
thread:removenull
thread:add1
thread:removenull
thread:add1
thread:removenull
transfer thread:addnull
thread:add1
thread:removenull
transfer thread:removenull
transfer thread:addnull
thread:addnull
transfer thread:addnull
thread:add1
transfer thread:remove1
thread:add1
thread:add1
thread:add1
thread:removenull
thread:add1
transfer thread:remove1
thread:add1
thread:add1
thread:removenull
thread:add1
thread:removenull
thread:add1
thread:remove1
thread:add1
thread:add1
thread:removenull
transfer thread:add1
thread:add1
thread:removenull
thread:add1
thread:removenull
thread:add1
transfer thread:add1
thread:removenull
thread:add1
thread:removenull
thread:add1
thread:removenull
thread:add1
thread:removenull
transfer thread:remove1
thread:add1
thread:removenull
thread:add1
thread:removenull
thread:add1
thread:removenull
thread:add1
thread:removenull
thread:add1
transfer thread:addnull
transfer thread:removenull
thread:add1
thread:remove1
thread:removenull
thread:removenull
transfer thread:addnull
thread:removenull
thread:add1
thread:removenull
thread:add1
thread:removenull
transfer thread:removenull
thread:add1
thread:removenull
thread:add1
thread:removenull
transfer thread:removenull
thread:add1
thread:removenull
thread:add1
thread:removenull
thread:add1
thread:removenull
thread:add1
thread:removenull
thread:add1
thread:removenull
thread:add1
thread:removenull
thread:add1
thread:removenull
thread:add1
thread:removenull
thread:add1
thread:removenull
thread:add1
transfer thread:add1
thread:add1
thread:add1
thread:add1
transfer thread:add1
thread:add1
thread:add1
thread:add1
thread:add1
thread:add1
thread:add1
transfer thread:remove1
thread:removenull
thread:add1
thread:remove1
thread:add1
thread:removenull
thread:add1
thread:removenull
thread:removenull
thread:removenull
thread:removenull
thread:removenull
thread:removenull
thread:addnull
thread:removenull
transfer thread:removenull
thread:removenull
thread:removenull
thread:removenull
thread:removenull
thread:removenull
transfer thread:addnull
thread:add1
thread:removenull
thread:removenull
thread:add1
thread:removenull
thread:removenull
transfer thread:addnull
thread:add1
thread:removenull
thread:add1
thread:removenull
thread:add1
thread:removenull
thread:add1
thread:removenull
thread:add1
transfer thread:remove1
thread:add1
thread:remove1
thread:add1
thread:removenull
transfer thread:removenull
thread:add1
thread:removenull
thread:add1
thread:removenull
thread:add1
thread:removenull
transfer thread:addnull
thread:add1
thread:removenull
thread:add1
thread:removenull
transfer thread:addnull
thread:add1
thread:removenull
thread:removenull
thread:addnull
thread:removenull
thread:add1
thread:removenull
transfer thread:removenull
thread:add1
thread:removenull
thread:add1
thread:removenull
transfer thread:removenull
thread:add1
thread:removenull
thread:add1
thread:removenull
thread:add1
thread:removenull
thread:add1
thread:removenull
thread:add1
thread:removenull
thread:add1
thread:removenull
thread:add1
transfer thread:add1
thread:removenull
thread:add1
thread:removenull
thread:add1
thread:removenull
transfer thread:addnull
thread:add1
thread:removenull
thread:add1
thread:removenull
thread:add1
thread:removenull
thread:add1
transfer thread:remove1
thread:removenull
thread:add1
thread:removenull
transfer thread:removenull
thread:add1
thread:removenull
thread:add1
thread:removenull
thread:add1
thread:removenull
transfer thread:addnull
thread:add1
thread:removenull
thread:add1
thread:removenull
thread:removenull
transfer thread:removenull
thread:removenull
thread:add1
thread:removenull
transfer thread:add1
thread:removenull
thread:add1
thread:removenull
thread:add1
thread:removenull
transfer thread:addnull
thread:add1
thread:removenull
thread:add1
thread:removenull
transfer thread:removenull
thread:removenull
thread:removenull
transfer thread:removenull
thread:removenull
thread:removenull
thread:add1
thread:removenull
thread:removenull
thread:addnull
thread:removenull
thread:add1
thread:removenull
thread:add1
thread:removenull
thread:add1
thread:removenull
thread:add1
thread:removenull
transfer thread:addnull
thread:add1
thread:removenull
thread:add1
thread:removenull
thread:add1
thread:removenull
thread:add1
thread:add1
thread:removenull
thread:add1
thread:removenull
thread:add1
thread:removenull
thread:add1
thread:add1
thread:removenull
thread:add1
thread:removenull
transfer thread:remove1
thread:add1
transfer thread:add1
thread:removenull
thread:add1
thread:removenull
thread:add1
thread:removenull
thread:add1
thread:removenull
thread:add1
thread:removenull
thread:add1
thread:removenull
thread:add1
thread:removenull
thread:add1
thread:removenull
thread:add1
thread:removenull
thread:add1
thread:removenull
thread:add1
thread:removenull
thread:add1
thread:removenull
thread:add1
thread:removenull
thread:add1
thread:removenull
thread:add1
thread:removenull
thread:add1
thread:removenull
thread:add1
thread:removenull
thread:add1
thread:removenull
thread:add1
thread:removenull
thread:add1
thread:removenull
thread:add1
thread:removenull
thread:add1
thread:removenull
thread:add1
thread:removenull
thread:add1
thread:removenull
thread:add1
thread:removenull
thread:removenull
thread:removenull
thread:removenull
thread:removenull
thread:removenull
thread:removenull
thread:removenull
thread:removenull
thread:add1
thread:removenull
thread:remove1
thread:add1
thread:removenull
thread:removenull
thread:add1
thread:removenull
thread:removenull
thread:addnull
thread:removenull
thread:add1
thread:removenull
thread:add1
thread:removenull
thread:add1
thread:removenull
transfer thread:add1
thread:add1
thread:removenull
thread:add1
thread:removenull
thread:add1
thread:removenull
thread:add1
thread:removenull
thread:add1
transfer thread:remove1
thread:removenull
thread:add1
thread:removenull
thread:add1
thread:removenull
thread:add1
thread:removenull
transfer thread:remove1
thread:add1
thread:removenull
thread:add1
thread:removenull
thread:add1
thread:removenull
thread:add1
transfer thread:add1
thread:removenull
thread:add1
thread:removenull
thread:add1
thread:removenull
thread:add1
thread:removenull
transfer thread:addnull
thread:add1
thread:removenull
thread:add1
thread:removenull
thread:add1
thread:removenull
thread:add1
transfer thread:remove1
thread:removenull
thread:add1
thread:removenull
thread:add1
thread:removenull
thread:add1
thread:removenull
thread:add1
transfer thread:removenull
thread:removenull
thread:add1
thread:removenull
thread:add1
thread:removenull
thread:add1
transfer thread:add1
thread:removenull
thread:add1
thread:removenull
thread:add1
thread:removenull
thread:add1
thread:removenull
thread:add1
transfer thread:addnull
thread:removenull
thread:add1
thread:removenull
thread:add1
thread:removenull
transfer thread:removenull
thread:removenull
thread:add1
thread:removenull
thread:add1
thread:removenull
thread:removenull
transfer thread:remove1
thread:removenull
thread:removenull
thread:removenull
thread:add1
thread:removenull
transfer thread:addnull
thread:add1
thread:removenull
thread:add1
thread:removenull
thread:add1
transfer thread:add1
thread:removenull
thread:add1
thread:removenull
thread:add1
thread:removenull
thread:add1
thread:removenull
transfer thread:remove1
thread:add1
thread:add1
thread:removenull
thread:add1
thread:removenull
thread:add1
transfer thread:remove1
thread:add1
thread:removenull
thread:add1
thread:removenull
thread:add1
transfer thread:add1
thread:add1
thread:remove1
thread:add1
thread:add1
thread:add1
thread:add1
thread:add1
thread:removenull
thread:add1
thread:removenull
thread:add1
thread:removenull
transfer thread:addnull
thread:removenull
thread:add1
thread:removenull
transfer thread:removenull
thread:removenull
thread:add1
thread:removenull
thread:add1
thread:removenull
thread:add1
thread:removenull
thread:removenull
transfer thread:removenull
thread:add1
thread:removenull
thread:removenull
thread:removenull
thread:add1
thread:removenull
thread:add1
transfer thread:add1
thread:removenull
thread:add1
thread:removenull
thread:add1
thread:removenull
thread:add1
transfer thread:add1
thread:removenull
thread:add1
thread:removenull
thread:add1
thread:removenull
thread:add1
thread:removenull
thread:add1
thread:removenull
transfer thread:removenull
thread:add1
thread:removenull
thread:add1
thread:removenull
transfer thread:remove1
thread:add1
thread:add1
thread:add1
thread:add1
thread:add1
thread:add1
thread:removenull
thread:add1
thread:add1
thread:add1
thread:remove1
thread:add1
thread:removenull
thread:add1
thread:removenull
thread:add1
thread:removenull
thread:add1
thread:removenull
thread:add1
thread:removenull
thread:add1
thread:removenull
thread:add1
thread:removenull
thread:add1
thread:removenull
thread:add1
thread:removenull
thread:add1
thread:removenull
thread:add1
thread:removenull
thread:add1
thread:removenull
thread:add1
thread:removenull
thread:add1
thread:add1
thread:removenull
thread:add1
thread:removenull
thread:add1
thread:removenull
thread:add1
thread:removenull
thread:add1
thread:removenull
thread:add1
thread:removenull
thread:add1
thread:removenull
thread:add1
thread:removenull
thread:add1
thread:removenull
thread:add1
thread:removenull
thread:add1
thread:removenull
thread:add1
thread:removenull
thread:add1
thread:removenull
thread:add1
thread:removenull
thread:add1
thread:removenull
thread:add1
thread:removenull
thread:add1
thread:removenull
thread:add1
thread:removenull
thread:add1
thread:removenull
thread:add1
thread:removenull
thread:add1
thread:removenull
thread:add1
thread:removenull
thread:add1
thread:removenull
thread:add1
thread:removenull
thread:add1
thread:add1
thread:removenull
thread:add1
thread:removenull
thread:add1
thread:removenull
thread:add1
thread:add1
thread:add1
thread:add1
thread:add1
thread:remove1
thread:add1
thread:removenull
thread:add1
thread:removenull
thread:add1
thread:removenull
thread:add1
thread:removenull
thread:add1
thread:removenull
thread:removenull
thread:add1
thread:removenull
thread:add1
thread:removenull
thread:add1
thread:removenull
thread:add1
thread:removenull
thread:add1
thread:removenull
thread:add1
thread:removenull
thread:add1
thread:removenull
thread:add1
thread:removenull
thread:add1
thread:removenull
thread:add1
thread:removenull
thread:add1
thread:removenull
thread:add1
thread:removenull
thread:add1
thread:removenull
thread:add1
thread:removenull
thread:add1
thread:removenull
thread:removenull
thread:add1
thread:removenull
thread:add1
thread:removenull
transfer thread:add1
thread:add1
thread:removenull
thread:add1
thread:removenull
thread:add1
thread:removenull
thread:removenull
thread:add1
thread:removenull
thread:add1
transfer thread:addnull
thread:removenull
thread:add1
thread:removenull
thread:add1
thread:removenull
thread:add1
thread:removenull
thread:add1
thread:removenull
thread:add1
thread:removenull
thread:removenull
thread:removenull
transfer thread:remove1
thread:add1
thread:removenull
thread:removenull
thread:add1
thread:removenull
transfer thread:removenull
thread:add1
thread:removenull
thread:add1
thread:removenull
thread:add1
thread:removenull
thread:add1
thread:removenull
thread:removenull
thread:add1
thread:removenull
thread:add1
thread:removenull
thread:add1
thread:removenull
thread:removenull
thread:add1
thread:removenull
thread:add1
thread:removenull
thread:add1
thread:removenull
thread:add1
thread:removenull
thread:add1
thread:removenull
thread:add1
thread:removenull
thread:add1
thread:removenull
thread:removenull
thread:removenull
thread:removenull
thread:removenull
thread:removenull
thread:removenull
thread:removenull
thread:removenull
thread:removenull
thread:removenull
thread:removenull
thread:removenull
thread:removenull
thread:removenull
thread:removenull
thread:removenull
thread:removenull
transfer thread:add1
thread:removenull
thread:removenull
thread:removenull
thread:removenull
thread:removenull
thread:removenull
thread:removenull
thread:removenull
thread:removenull
thread:removenull
thread:removenull
thread:removenull
thread:removenull
thread:removenull
thread:add1
thread:removenull
thread:removenull
thread:add1
thread:removenull
thread:add1
thread:removenull
thread:add1
thread:removenull
thread:add1
thread:removenull
thread:add1
thread:add1
thread:removenull
thread:add1
thread:add1
thread:removenull
thread:add1
thread:removenull
thread:removenull
thread:removenull
thread:removenull
thread:add1
thread:removenull
thread:add1
thread:removenull
thread:add1
thread:removenull
thread:add1
thread:removenull
thread:add1
thread:removenull
thread:add1
thread:removenull
thread:add1
thread:removenull
thread:add1
thread:removenull
thread:add1
thread:removenull
thread:add1
thread:removenull
thread:add1
thread:removenull
thread:add1
thread:removenull
thread:add1
thread:removenull
thread:add1
thread:removenull
thread:add1
thread:removenull
thread:add1
thread:removenull
thread:add1
thread:removenull
thread:add1
thread:removenull
thread:add1
thread:removenull
thread:add1
thread:removenull
thread:add1
thread:removenull
thread:add1
thread:removenull
thread:add1
thread:removenull
thread:removenull
thread:addnull
thread:removenull
thread:add1
thread:removenull
thread:add1
thread:removenull
thread:add1
thread:removenull
thread:add1
thread:removenull
thread:add1
thread:removenull
thread:add1
thread:removenull
thread:removenull
thread:add1
thread:removenull
thread:add1
thread:removenull
thread:add1
thread:removenull
thread:add1
thread:removenull
thread:add1
thread:removenull
thread:add1
thread:removenull
thread:add1
thread:removenull
thread:add1
thread:removenull
thread:add1
thread:removenull
thread:add1
thread:removenull
thread:add1
thread:removenull
thread:add1
thread:removenull
thread:add1
thread:removenull
thread:add1
thread:removenull
thread:add1
thread:removenull
thread:add1
thread:removenull
thread:add1
thread:removenull
thread:add1
thread:removenull
thread:add1
thread:removenull
thread:add1
thread:removenull
thread:add1
thread:removenull
thread:add1
thread:removenull
thread:add1
thread:removenull
thread:add1
thread:removenull
thread:add1
thread:removenull
thread:add1
thread:removenull
thread:add1
thread:removenull
thread:add1
thread:removenull
thread:add1
thread:removenull
thread:add1
thread:removenull
thread:add1
thread:removenull
thread:add1
thread:removenull
thread:add1
thread:removenull
thread:add1
thread:removenull
thread:add1
thread:removenull
thread:add1
thread:removenull
thread:add1
thread:removenull
thread:add1
thread:removenull
thread:add1
thread:removenull
thread:add1
thread:removenull
thread:add1
thread:removenull
thread:add1
thread:removenull
thread:add1
thread:removenull
thread:add1
thread:removenull
thread:add1
thread:removenull
thread:add1
transfer thread:add1
thread:removenull
thread:add1
thread:removenull
thread:add1
thread:removenull
thread:add1
thread:removenull
thread:add1
thread:removenull
thread:add1
thread:removenull
thread:add1
thread:removenull
thread:add1
thread:removenull
thread:add1
thread:removenull
thread:add1
thread:removenull
thread:add1
thread:removenull
thread:add1
thread:removenull
thread:add1
thread:removenull
thread:add1
thread:removenull
thread:add1
thread:removenull
thread:add1
thread:removenull
thread:add1
thread:removenull
transfer thread:remove1
thread:add1
thread:removenull
thread:add1
thread:removenull
thread:add1
thread:removenull
thread:add1
thread:removenull
transfer thread:remove1
thread:removenull
thread:removenull
thread:removenull
thread:removenull
thread:removenull
thread:removenull
transfer thread:addnull
thread:add1
thread:removenull
thread:removenull
thread:removenull
thread:add1
transfer thread:addnull
thread:removenull
thread:remove1
thread:add1
thread:removenull
thread:add1
thread:removenull
thread:add1
thread:removenull
thread:add1
thread:removenull
transfer thread:removenull
thread:add1
thread:removenull
thread:add1
thread:removenull
thread:add1
thread:removenull
thread:add1
thread:removenull
thread:add1
thread:removenull
thread:add1
thread:removenull
thread:add1
thread:removenull
thread:add1
thread:removenull
transfer thread:remove1
thread:add1
thread:removenull
thread:add1
thread:removenull
thread:add1
thread:removenull
thread:add1
thread:removenull
thread:add1
thread:removenull
thread:add1
thread:removenull
thread:add1
thread:removenull
thread:add1
thread:removenull
thread:add1
thread:removenull
thread:add1
thread:removenull
thread:add1
thread:removenull
thread:add1
thread:removenull
thread:removenull
thread:add1
thread:removenull
thread:add1
thread:removenull
transfer thread:addnull
thread:add1
thread:removenull
thread:removenull
thread:add1
thread:removenull
transfer thread:addnull
thread:removenull
thread:add1
thread:removenull
thread:add1
thread:removenull
thread:add1
thread:removenull
thread:add1
thread:removenull
transfer thread:removenull
thread:add1
thread:removenull
thread:add1
thread:removenull
transfer thread:removenull
thread:add1
thread:removenull
thread:removenull
thread:add1
thread:removenull
thread:add1
thread:removenull
thread:removenull
thread:add1
transfer thread:addnull
thread:removenull
thread:removenull
thread:add1
transfer thread:addnull
thread:removenull
thread:add1
transfer thread:remove1
thread:removenull
thread:add1
thread:removenull
thread:add1
thread:removenull
transfer thread:removenull
thread:add1
thread:removenull
thread:add1
transfer thread:add1
thread:removenull
thread:add1
thread:removenull
transfer thread:add1
thread:add1
thread:removenull
thread:add1
thread:removenull
thread:add1
thread:removenull
thread:add1
thread:removenull
thread:add1
thread:removenull
thread:add1
thread:removenull
thread:add1
thread:removenull
thread:add1
thread:removenull
thread:add1
thread:removenull
thread:add1
thread:removenull
thread:add1
thread:removenull
transfer thread:remove1
thread:add1
thread:removenull
thread:removenull
thread:addnull
thread:removenull
thread:add1
thread:removenull
thread:add1
transfer thread:removenull
thread:removenull
thread:add1
thread:removenull
thread:add1
thread:removenull
thread:add1
thread:removenull
transfer thread:addnull
thread:add1
thread:removenull
thread:add1
thread:removenull
transfer thread:addnull
thread:add1
thread:removenull
thread:add1
thread:removenull
thread:add1
thread:removenull
thread:add1
thread:removenull
thread:add1
thread:removenull
thread:add1
thread:removenull
thread:add1
thread:removenull
thread:add1
thread:removenull
thread:add1
thread:removenull
thread:add1
thread:removenull
thread:add1
thread:removenull
thread:add1
transfer thread:removenull
thread:removenull
thread:add1
thread:removenull
thread:add1
thread:removenull
transfer thread:removenull
thread:add1
thread:removenull
thread:add1
thread:removenull
thread:add1
transfer thread:add1
thread:removenull
thread:add1
thread:removenull
transfer thread:add1
thread:add1
thread:removenull
thread:add1
thread:removenull
thread:add1
transfer thread:remove1
thread:removenull
thread:add1
thread:removenull
thread:add1
transfer thread:remove1
thread:removenull
thread:add1
thread:removenull
thread:add1
thread:removenull
thread:add1
thread:removenull
transfer thread:addnull
thread:add1
thread:add1
thread:removenull
transfer thread:removenull
thread:add1
thread:removenull
thread:add1
thread:removenull
thread:add1
thread:removenull
thread:add1
thread:removenull
thread:add1
thread:removenull
thread:removenull
thread:addnull
thread:removenull
thread:addnull
thread:removenull
thread:add1
thread:add1
transfer thread:addnull
thread:removenull
thread:add1
thread:removenull
thread:add1
thread:removenull
thread:add1
thread:removenull
thread:add1
thread:removenull
thread:add1
thread:removenull
thread:add1
thread:removenull
thread:add1
thread:removenull
thread:removenull
thread:add1
thread:removenull
thread:removenull
thread:removenull
thread:removenull
thread:add1
transfer thread:removenull
thread:removenull
thread:add1
thread:removenull
thread:add1
thread:removenull
thread:add1
thread:removenull
thread:add1
transfer thread:addnull
thread:removenull
thread:add1
thread:removenull
thread:add1
thread:removenull
thread:add1
thread:removenull
thread:removenull
thread:add1
thread:removenull
transfer thread:removenull
thread:add1
thread:removenull
thread:removenull
thread:add1
thread:removenull
thread:remove1
thread:add1
thread:removenull
thread:add1
thread:removenull
thread:add1
thread:removenull
transfer thread:addnull
thread:add1
thread:removenull
thread:add1
thread:removenull
thread:removenull
thread:add1
thread:removenull
thread:add1
transfer thread:add1
thread:removenull
thread:add1
thread:removenull
thread:add1
thread:removenull
thread:add1
thread:removenull
thread:add1
thread:removenull
thread:add1
thread:removenull
thread:add1
thread:removenull
transfer thread:remove1
thread:add1
thread:removenull
thread:add1
thread:removenull
thread:add1
thread:removenull
thread:add1
thread:removenull
thread:add1
transfer thread:addnull
thread:removenull
thread:add1
thread:removenull
thread:add1
transfer thread:removenull
thread:removenull
thread:add1
thread:removenull
thread:add1
thread:removenull
thread:add1
thread:removenull
thread:add1
thread:removenull
thread:add1
thread:removenull
thread:add1
thread:removenull
thread:add1
thread:removenull
transfer thread:removenull
thread:removenull
thread:addnull
thread:removenull
thread:add1
transfer thread:add1
thread:removenull
thread:add1
thread:removenull
thread:add1
thread:removenull
thread:add1
transfer thread:add1
thread:removenull
thread:add1
thread:removenull
thread:add1
thread:removenull
thread:add1
thread:removenull
thread:add1
thread:removenull
thread:add1
thread:removenull
thread:add1
thread:removenull
thread:add1
thread:removenull
thread:add1
thread:removenull
thread:add1
thread:removenull
thread:add1
thread:removenull
thread:add1
thread:removenull
thread:add1
thread:removenull
thread:add1
thread:removenull
thread:add1
thread:removenull
thread:add1
thread:removenull
thread:add1
thread:removenull
thread:add1
thread:removenull
thread:add1
thread:removenull
thread:add1
thread:removenull
thread:add1
thread:removenull
thread:add1
thread:removenull
thread:add1
thread:removenull
thread:add1
thread:removenull
thread:add1
thread:removenull
thread:add1
thread:removenull
thread:add1
thread:removenull
thread:add1
thread:removenull
thread:add1
thread:removenull
thread:add1
thread:removenull
thread:add1
thread:removenull
thread:add1
thread:removenull
thread:add1
thread:removenull
thread:add1
thread:removenull
thread:add1
thread:removenull
thread:add1
thread:removenull
thread:add1
thread:removenull
thread:add1
thread:removenull
thread:add1
thread:removenull
thread:add1
thread:removenull
thread:removenull
thread:add1
thread:removenull
thread:add1
thread:removenull
thread:removenull
thread:removenull
transfer thread:remove1
thread:removenull
thread:removenull
thread:add1
thread:removenull
transfer thread:removenull
thread:removenull
thread:removenull
thread:add1
thread:removenull
thread:addnull
thread:removenull
transfer thread:addnull
thread:add1
thread:removenull
thread:add1
thread:removenull
thread:add1
thread:removenull
transfer thread:addnull
thread:add1
thread:removenull
thread:add1
thread:removenull
thread:add1
thread:removenull
thread:add1
thread:removenull
thread:add1
thread:removenull
transfer thread:removenull
thread:add1
thread:removenull
thread:removenull
transfer thread:removenull
thread:removenull
thread:removenull
thread:removenull
thread:removenull
thread:removenull
thread:removenull
thread:add1
thread:removenull
thread:add1
thread:removenull
transfer thread:addnull
thread:add1
thread:removenull
thread:add1
thread:removenull
thread:add1
thread:removenull
transfer thread:addnull
thread:add1
thread:removenull
thread:add1
thread:removenull
thread:add1
thread:removenull
thread:add1
thread:removenull
thread:add1
thread:add1
transfer thread:remove1
thread:add1
thread:remove1
thread:add1
thread:removenull
thread:add1
thread:removenull
thread:add1
transfer thread:removenull
thread:removenull
thread:add1
thread:add1
thread:removenull
thread:add1
transfer thread:add1
thread:removenull
thread:add1
thread:removenull
thread:add1
thread:removenull
thread:add1
thread:removenull
thread:add1
thread:removenull
transfer thread:addnull
thread:add1
thread:removenull
thread:add1
thread:remove1
thread:add1
thread:removenull
transfer thread:remove1
thread:add1
thread:removenull
thread:add1
thread:removenull
thread:add1
thread:removenull
thread:add1
transfer thread:remove1
thread:removenull
thread:removenull
thread:add1
thread:removenull
thread:removenull
thread:add1
thread:removenull
thread:removenull
thread:add1
transfer thread:addnull
thread:removenull
thread:add1
thread:removenull
thread:add1
thread:removenull
thread:add1
thread:removenull
thread:add1
transfer thread:add1
thread:add1
thread:removenull
thread:add1
thread:removenull
thread:add1
transfer thread:removenull
thread:removenull
thread:add1
thread:removenull
thread:add1
thread:removenull
thread:add1
transfer thread:remove1
thread:removenull
thread:add1
thread:removenull
thread:add1
thread:removenull
thread:add1
transfer thread:add1
thread:removenull
thread:add1
thread:removenull
thread:add1
thread:removenull
transfer thread:addnull
thread:add1
thread:removenull
thread:add1
thread:removenull
thread:add1
thread:removenull
transfer thread:removenull
thread:add1
thread:removenull
thread:add1
thread:removenull
thread:add1
thread:removenull
transfer thread:remove1
thread:add1
thread:removenull
thread:add1
thread:removenull
thread:add1
transfer thread:addnull
thread:removenull
thread:add1
thread:removenull
thread:add1
thread:removenull
thread:add1
transfer thread:add1
thread:add1
thread:removenull
thread:add1
thread:removenull
thread:add1
transfer thread:removenull
thread:removenull
thread:add1
thread:removenull
thread:add1
thread:removenull
transfer thread:removenull
thread:add1
thread:removenull
thread:add1
thread:removenull
thread:add1
thread:removenull
transfer thread:addnull
thread:add1
thread:removenull
transfer thread:add1
thread:removenull
thread:removenull
thread:add1
thread:removenull
transfer thread:removenull
thread:add1
thread:removenull
thread:add1
transfer thread:remove1
thread:removenull
thread:add1
thread:removenull
thread:add1
transfer thread:add1
thread:removenull
thread:add1
thread:removenull
transfer thread:addnull
thread:add1
thread:removenull
thread:add1
thread:removenull
transfer thread:removenull
thread:add1
thread:removenull
transfer thread:remove1
thread:add1
thread:removenull
thread:add1
thread:removenull
transfer thread:addnull
thread:add1
thread:removenull
thread:add1
transfer thread:addnull
thread:removenull
thread:add1
thread:removenull
thread:add1
thread:removenull
thread:add1
thread:removenull
thread:add1
thread:removenull
thread:add1
thread:removenull
transfer thread:removenull
thread:add1
thread:removenull
thread:add1
thread:removenull
thread:add1
transfer thread:remove1
thread:add1
thread:remove1
thread:add1
thread:add1
thread:remove1
thread:add1
thread:removenull
transfer thread:addnull
thread:add1
thread:removenull
thread:add1
thread:removenull
thread:add1
thread:removenull
thread:add1
thread:removenull
thread:add1
thread:removenull
thread:removenull
thread:removenull
transfer thread:removenull
thread:removenull
thread:removenull
thread:removenull
thread:removenull
thread:add1
thread:removenull
transfer thread:addnull
thread:add1
thread:removenull
thread:add1
thread:removenull
thread:add1
thread:removenull
thread:removenull
transfer thread:addnull
thread:removenull
transfer thread:removenull
thread:removenull
thread:removenull
thread:removenull
transfer thread:removenull
transfer thread:addnull
thread:addnull
thread:removenull
thread:removenull
transfer thread:addnull
transfer thread:removenull
thread:removenull
thread:removenull
transfer thread:removenull
thread:add1
transfer thread:addnull
thread:removenull
thread:removenull
transfer thread:remove1
thread:removenull
transfer thread:addnull
thread:add1
thread:removenull
thread:add1
transfer thread:remove1
transfer thread:add1
thread:removenull
thread:add1
thread:removenull
transfer thread:add1
transfer thread:remove1
thread:add1
thread:removenull
thread:add1
thread:removenull
transfer thread:removenull
transfer thread:addnull
thread:removenull
thread:add1
thread:removenull
transfer thread:addnull
thread:add1
transfer thread:remove1
thread:removenull
thread:removenull
thread:add1
transfer thread:addnull
thread:removenull
transfer thread:removenull
thread:removenull
thread:add1
thread:removenull
thread:removenull
transfer thread:removenull
transfer thread:add1
thread:removenull
thread:add1
thread:removenull
thread:add1
thread:removenull
transfer thread:addnull
thread:removenull
transfer thread:removenull
thread:add1
thread:removenull
thread:add1
transfer thread:addnull
thread:removenull
transfer thread:removenull
thread:add1
thread:removenull
thread:add1
transfer thread:addnull
transfer thread:remove1
thread:add1
thread:removenull
thread:add1
transfer thread:add1
thread:add1
thread:removenull
transfer thread:remove1
thread:removenull
thread:add1
thread:removenull
thread:removenull
thread:add1
transfer thread:removenull
thread:add1
thread:removenull
transfer thread:addnull
thread:add1
thread:removenull
thread:add1
thread:removenull
transfer thread:add1
transfer thread:removenull
thread:add1
thread:add1
thread:removenull
transfer thread:add1
thread:add1
thread:removenull
transfer thread:removenull
thread:add1
thread:removenull
thread:add1
thread:removenull
thread:add1
thread:removenull
thread:add1
transfer thread:remove1
transfer thread:add1
thread:removenull
thread:add1
thread:removenull
thread:add1
thread:removenull
thread:add1
transfer thread:remove1
thread:removenull
thread:removenull
transfer thread:add1
thread:removenull
thread:removenull
thread:removenull
thread:add1
transfer thread:addnull
thread:removenull
thread:removenull
thread:removenull
thread:add1
thread:removenull
transfer thread:removenull
thread:add1
thread:removenull
thread:add1
thread:removenull
thread:add1
thread:removenull
transfer thread:removenull
thread:add1
thread:removenull
thread:add1
thread:removenull
thread:add1
thread:removenull
thread:add1
thread:removenull
transfer thread:add1
thread:add1
thread:removenull
thread:add1
thread:removenull
thread:add1
thread:removenull
transfer thread:addnull
thread:add1
thread:removenull
thread:add1
thread:removenull
thread:add1
thread:removenull
thread:add1
thread:removenull
transfer thread:removenull
thread:add1
thread:removenull
thread:add1
transfer thread:remove1
thread:removenull
thread:add1
thread:removenull
thread:add1
thread:removenull
thread:add1
transfer thread:add1
thread:removenull
thread:add1
thread:removenull
transfer thread:addnull
thread:add1
thread:removenull
thread:add1
thread:removenull
thread:add1
thread:removenull
thread:add1
thread:removenull
thread:add1
thread:add1
transfer thread:remove1
thread:add1
thread:removenull
thread:add1
thread:removenull
thread:removenull
transfer thread:removenull
thread:removenull
thread:removenull
thread:removenull
thread:removenull
thread:removenull
thread:removenull
thread:removenull
thread:removenull
thread:removenull
transfer thread:addnull
thread:removenull
thread:removenull
thread:add1
thread:removenull
thread:add1
transfer thread:add1
thread:removenull
thread:add1
thread:removenull
thread:add1
thread:removenull
thread:add1
thread:removenull
thread:add1
transfer thread:remove1
thread:removenull
thread:add1
thread:removenull
thread:add1
thread:removenull
thread:add1
thread:removenull
thread:add1
thread:removenull
thread:add1
thread:removenull
thread:add1
thread:removenull
thread:add1
thread:removenull
thread:add1
thread:removenull
thread:add1
thread:add1
thread:removenull
thread:removenull
transfer thread:remove1
thread:removenull
transfer thread:addnull
thread:removenull
thread:removenull
thread:removenull
transfer thread:addnull
thread:removenull
thread:removenull
thread:removenull
thread:removenull
thread:removenull
thread:add1
thread:removenull
thread:add1
thread:removenull
thread:add1
thread:removenull
thread:add1
thread:removenull
thread:add1
thread:removenull
thread:add1
thread:removenull
thread:add1
thread:removenull
thread:add1
thread:removenull
thread:add1
thread:removenull
thread:add1
thread:removenull
thread:add1
thread:removenull
thread:add1
thread:removenull
thread:add1
transfer thread:removenull
thread:removenull
thread:add1
thread:removenull
thread:add1
thread:removenull
thread:add1
thread:removenull
thread:add1
thread:removenull
thread:add1
thread:removenull
transfer thread:add1
thread:removenull
transfer thread:removenull
thread:removenull
thread:removenull
thread:add1
thread:removenull
thread:removenull
thread:add1
thread:removenull
thread:removenull
thread:add1
thread:removenull
thread:add1
thread:removenull
thread:add1
thread:removenull
thread:add1
thread:removenull
thread:add1
thread:removenull
thread:add1
thread:removenull
thread:add1
thread:removenull
thread:add1
thread:removenull
thread:add1
thread:add1
thread:removenull
thread:add1
thread:removenull
thread:add1
thread:removenull
thread:add1
thread:removenull
thread:add1
thread:add1
thread:remove1
thread:add1
thread:removenull
thread:add1
thread:removenull
thread:add1
thread:removenull
thread:add1
thread:removenull
thread:add1
transfer thread:addnull
thread:removenull
thread:add1
thread:removenull
thread:add1
thread:removenull
thread:add1
thread:add1
thread:removenull
thread:add1
thread:removenull
thread:add1
thread:add1
thread:removenull
thread:add1
thread:removenull
transfer thread:removenull
thread:add1
thread:removenull
thread:add1
thread:removenull
thread:add1
transfer thread:add1
thread:add1
thread:removenull
thread:add1
]]></system-out>
    <system-err><![CDATA[11月 09, 2022 10:52:35 上午 com.myproject.javastudy.coreJavaTest.TestReflection test
信息: com.myproject.javastudy.reflect.TestReflectionCon
11月 09, 2022 10:52:35 上午 com.myproject.javastudy.coreJavaTest.TestReflection test
信息: com.myproject.javastudy.reflect.TestReflectionCon
]]></system-err>
  </testcase>
</testsuite>