<?xml version="1.0" encoding="UTF-8"?>
<testng-results ignored="0" total="1" passed="1" failed="0" skipped="0">
  <reporter-output>
  </reporter-output>
  <suite started-at="2022-01-09T21:18:30 CST" name="Surefire suite" finished-at="2022-01-09T21:18:30 CST" duration-ms="37">
    <groups>
    </groups>
    <test started-at="2022-01-09T21:18:30 CST" name="Surefire test" finished-at="2022-01-09T21:18:30 CST" duration-ms="37">
      <class name="com.myproject.javastudy.AppTest">
        <test-method signature="testApp()[pri:0, instance:com.myproject.javastudy.AppTest@646be2c3]" started-at="2022-01-09T21:18:30 CST" name="testApp" finished-at="2022-01-09T21:18:30 CST" duration-ms="4" status="PASS">
          <reporter-output>
          </reporter-output>
        </test-method> <!-- testApp -->
      </class> <!-- com.myproject.javastudy.AppTest -->
    </test> <!-- Surefire test -->
  </suite> <!-- Surefire suite -->
</testng-results>
