<?xml version="1.0" encoding="UTF-8"?>
<testsuite xmlns:xsi="http://www.w3.org/2001/XMLSchema-instance" xsi:noNamespaceSchemaLocation="https://maven.apache.org/surefire/maven-surefire-plugin/xsd/surefire-test-report-3.0.xsd" version="3.0" name="com.myproject.javastudy.SDTest" time="0.064" tests="1" errors="0" skipped="0" failures="0">
  <properties>
[...]
</properties>
  <testcase name="makeSDTest" classname="com.myproject.javastudy.SDTest" time="0.048">
    <system-err><![CDATA[1月 16, 2022 2:45:06 上午 com.myproject.javastudy.stringanddate.StringAndDateTest testString
信息: testHello Worldtest
1月 16, 2022 2:45:06 上午 com.myproject.javastudy.stringanddate.StringAndDateTest testString
信息: HelWolorld
1月 16, 2022 2:45:06 上午 com.myproject.javastudy.stringanddate.StringAndDateTest testString
信息: dlroWolleH
1月 16, 2022 2:45:06 上午 com.myproject.javastudy.stringanddate.StringAndDateTest testString
信息: 4
1月 16, 2022 2:45:06 上午 com.myproject.javastudy.stringanddate.StringAndDateTest testString
信息: World
1月 16, 2022 2:45:06 上午 com.myproject.javastudy.stringanddate.StringAndDateTest testString
信息: HWellloor
]]></system-err>
  </testcase>
</testsuite>